#
# There is insufficient memory for the Java Runtime Environment to continue.
# Native memory allocation (malloc) failed to allocate 1261616 bytes for Chunk::new
# Possible reasons:
#   The system is out of physical RAM or swap space
#   In 32 bit mode, the process size limit was hit
# Possible solutions:
#   Reduce memory load on the system
#   Increase physical memory or swap space
#   Check if swap backing store is full
#   Use 64 bit Java on a 64 bit OS
#   Decrease Java heap size (-Xmx/-Xms)
#   Decrease number of Java threads
#   Decrease Java thread stack sizes (-Xss)
#   Set larger code cache with -XX:ReservedCodeCacheSize=
# This output file may be truncated or incomplete.
#
#  Out of Memory Error (allocation.cpp:390), pid=47052, tid=0x0000000000009c58
#
# JRE version: OpenJDK Runtime Environment (8.0_152-b01) (build 1.8.0_152-release-1248-b01)
# Java VM: OpenJDK 64-Bit Server VM (25.152-b01 mixed mode windows-amd64 compressed oops)
# Failed to write core dump. Minidumps are not enabled by default on client versions of Windows
#

---------------  T H R E A D  ---------------

Current thread (0x0000000015ac8800):  JavaThread "C2 CompilerThread0" daemon [_thread_in_native, id=40024, stack(0x00000000170f0000,0x00000000171f0000)]

Stack: [0x00000000170f0000,0x00000000171f0000]
[error occurred during error reporting (printing stack bounds), id 0xc0000005]

Native frames: (J=compiled Java code, j=interpreted, Vv=VM code, C=native code)


Current CompileTask:
C2:  23285 7687       4       com.android.ide.common.resources.NodeUtils::duplicateNode (315 bytes)


---------------  P R O C E S S  ---------------

Java Threads: ( => current thread )
  0x0000000018e4e800 JavaThread "stdout" daemon [_thread_in_native, id=30304, stack(0x0000000023ae0000,0x0000000023be0000)]
  0x0000000018e4d000 JavaThread "stderr" daemon [_thread_in_native, id=6700, stack(0x00000000239e0000,0x0000000023ae0000)]
  0x000000001bd81800 JavaThread "stdout" daemon [_thread_in_native, id=27916, stack(0x00000000238e0000,0x00000000239e0000)]
  0x000000001bd83000 JavaThread "stderr" daemon [_thread_in_native, id=23556, stack(0x00000000237e0000,0x00000000238e0000)]
  0x000000001bd84800 JavaThread "stdout" daemon [_thread_in_native, id=42640, stack(0x00000000236e0000,0x00000000237e0000)]
  0x000000001bd82800 JavaThread "stderr" daemon [_thread_in_native, id=43084, stack(0x00000000235e0000,0x00000000236e0000)]
  0x000000001bd84000 JavaThread "pool-2-thread-1" [_thread_blocked, id=9204, stack(0x00000000234e0000,0x00000000235e0000)]
  0x000000001bd7e000 JavaThread "ForkJoinPool.commonPool-worker-3" daemon [_thread_blocked, id=33856, stack(0x00000000233e0000,0x00000000234e0000)]
  0x000000001bd81000 JavaThread "ForkJoinPool.commonPool-worker-2" daemon [_thread_blocked, id=39004, stack(0x0000000023060000,0x0000000023160000)]
  0x000000001bd7d000 JavaThread "ForkJoinPool.commonPool-worker-1" daemon [_thread_blocked, id=17064, stack(0x0000000022d10000,0x0000000022e10000)]
  0x000000001bd80000 JavaThread "Cache worker for Build Output Cleanup Cache (F:\workspace\mobtally\.gradle\buildOutputCleanup)" [_thread_blocked, id=35188, stack(0x0000000022c10000,0x0000000022d10000)]
  0x000000001bd7f800 JavaThread "Cache worker for task history cache (F:\workspace\mobtally\.gradle\4.10.1\taskHistory)" [_thread_blocked, id=2380, stack(0x0000000022b10000,0x0000000022c10000)]
  0x000000001bd7c800 JavaThread "Task worker for ':' Thread 3" [_thread_blocked, id=30884, stack(0x0000000022a10000,0x0000000022b10000)]
  0x000000001bd79800 JavaThread "Task worker for ':' Thread 2" [_thread_blocked, id=26852, stack(0x0000000022910000,0x0000000022a10000)]
  0x000000001bd78800 JavaThread "Task worker for ':'" [_thread_blocked, id=22848, stack(0x0000000022810000,0x0000000022910000)]
  0x000000001bd7b800 JavaThread "Cache worker for file content cache (F:\workspace\mobtally\.gradle\4.10.1\fileContent)" [_thread_blocked, id=9064, stack(0x0000000022710000,0x0000000022810000)]
  0x000000001bd78000 JavaThread "Cache worker for file content cache (C:\Users\prabitha\.gradle\caches\4.10.1\fileContent)" [_thread_blocked, id=44544, stack(0x0000000022610000,0x0000000022710000)]
  0x000000001bd7b000 JavaThread "Memory manager" [_thread_blocked, id=39228, stack(0x000000001fd00000,0x000000001fe00000)]
  0x000000001bd75800 JavaThread "Build operations Thread 4" [_thread_blocked, id=9584, stack(0x000000001fc00000,0x000000001fd00000)]
  0x000000001bd76800 JavaThread "Build operations Thread 3" [_thread_blocked, id=36992, stack(0x000000001fb00000,0x000000001fc00000)]
  0x000000001a27d000 JavaThread "Build operations Thread 2" [_thread_blocked, id=12984, stack(0x000000001fa00000,0x000000001fb00000)]
  0x000000001a27c800 JavaThread "Build operations" [_thread_blocked, id=37084, stack(0x000000001f900000,0x000000001fa00000)]
  0x000000001a27e000 JavaThread "Cache worker for Artifact transforms cache (C:\Users\prabitha\.gradle\caches\transforms-1)" [_thread_blocked, id=43808, stack(0x000000001f380000,0x000000001f480000)]
  0x000000001a278800 JavaThread "Cache worker for cache directory md-rule (C:\Users\prabitha\.gradle\caches\4.10.1\md-rule)" [_thread_blocked, id=29204, stack(0x000000001f280000,0x000000001f380000)]
  0x000000001a27b800 JavaThread "Cache worker for cache directory md-supplier (C:\Users\prabitha\.gradle\caches\4.10.1\md-supplier)" [_thread_blocked, id=18680, stack(0x000000001d900000,0x000000001da00000)]
  0x000000001a27a000 JavaThread "Cache worker for journal cache (C:\Users\prabitha\.gradle\caches\journal-1)" [_thread_blocked, id=26928, stack(0x000000001c630000,0x000000001c730000)]
  0x000000001a279800 JavaThread "Cache worker for file hash cache (F:\workspace\mobtally\.gradle\4.10.1\fileHashes)" [_thread_blocked, id=11300, stack(0x000000001b560000,0x000000001b660000)]
  0x0000000018d7a000 JavaThread "File lock request listener" [_thread_in_native, id=43416, stack(0x000000001b460000,0x000000001b560000)]
  0x0000000018a1e000 JavaThread "Cache worker for file hash cache (C:\Users\prabitha\.gradle\caches\4.10.1\fileHashes)" [_thread_blocked, id=24276, stack(0x000000001b360000,0x000000001b460000)]
  0x0000000018a21800 JavaThread "Stdin handler" [_thread_blocked, id=44624, stack(0x000000001a090000,0x000000001a190000)]
  0x0000000018a20800 JavaThread "Asynchronous log dispatcher for DefaultDaemonConnection: socket connection from /127.0.0.1:51894 to /127.0.0.1:51895" [_thread_blocked, id=47068, stack(0x0000000019f90000,0x000000001a090000)]
  0x0000000018a1a800 JavaThread "Daemon worker" [_thread_blocked, id=46664, stack(0x0000000019c90000,0x0000000019d90000)]
  0x000000001894e000 JavaThread "Cancel handler" [_thread_blocked, id=4892, stack(0x0000000019b90000,0x0000000019c90000)]
  0x00000000189ad000 JavaThread "Handler for socket connection from /127.0.0.1:51894 to /127.0.0.1:51895" [_thread_in_native, id=24608, stack(0x0000000019a90000,0x0000000019b90000)]
  0x00000000189ac800 JavaThread "Daemon" [_thread_blocked, id=36984, stack(0x0000000019990000,0x0000000019a90000)]
  0x0000000018744000 JavaThread "Daemon periodic checks" [_thread_blocked, id=46884, stack(0x0000000019890000,0x0000000019990000)]
  0x0000000018742800 JavaThread "Incoming local TCP Connector on port 51894" [_thread_in_native, id=38444, stack(0x00000000196a0000,0x00000000197a0000)]
  0x0000000017418800 JavaThread "Service Thread" daemon [_thread_blocked, id=14548, stack(0x00000000177f0000,0x00000000178f0000)]
  0x0000000015ac2800 JavaThread "C1 CompilerThread2" daemon [_thread_blocked, id=35580, stack(0x00000000172f0000,0x00000000173f0000)]
  0x0000000015abc000 JavaThread "C2 CompilerThread1" daemon [_thread_in_native, id=46732, stack(0x00000000171f0000,0x00000000172f0000)]
=>0x0000000015ac8800 JavaThread "C2 CompilerThread0" daemon [_thread_in_native, id=40024, stack(0x00000000170f0000,0x00000000171f0000)]
  0x0000000015ac7800 JavaThread "Attach Listener" daemon [_thread_blocked, id=27440, stack(0x0000000016ff0000,0x00000000170f0000)]
  0x0000000015ac6800 JavaThread "Signal Dispatcher" daemon [_thread_blocked, id=13792, stack(0x0000000016ef0000,0x0000000016ff0000)]
  0x000000000204d000 JavaThread "Finalizer" daemon [_thread_blocked, id=10496, stack(0x0000000016d10000,0x0000000016e10000)]
  0x0000000002041800 JavaThread "Reference Handler" daemon [_thread_blocked, id=28292, stack(0x0000000016c10000,0x0000000016d10000)]
  0x000000000214d800 JavaThread "main" [_thread_blocked, id=38384, stack(0x0000000001e10000,0x0000000001f10000)]

Other Threads:
  0x0000000015a86000 VMThread [stack: 0x0000000016b10000,0x0000000016c10000] [id=18728]
  0x0000000015b1c800 WatcherThread [stack: 0x00000000178f0000,0x00000000179f0000] [id=4508]

VM state:not at safepoint (normal execution)

VM Mutex/Monitor currently owned by a thread: None

Heap:
 PSYoungGen      total 166912K, used 23713K [0x00000000e0000000, 0x00000000eb380000, 0x0000000100000000)
  eden space 153600K, 6% used [0x00000000e0000000,0x00000000e0a30510,0x00000000e9600000)
  from space 13312K, 99% used [0x00000000ea400000,0x00000000eb0f8218,0x00000000eb100000)
  to   space 14336K, 0% used [0x00000000e9600000,0x00000000e9600000,0x00000000ea400000)
 ParOldGen       total 65024K, used 39807K [0x00000000a0000000, 0x00000000a3f80000, 0x00000000e0000000)
  object space 65024K, 61% used [0x00000000a0000000,0x00000000a26dfda8,0x00000000a3f80000)
 Metaspace       used 60432K, capacity 61974K, committed 62128K, reserved 1103872K
  class space    used 8151K, capacity 8576K, committed 8624K, reserved 1048576K

Card table byte_map: [0x0000000011510000,0x0000000011820000] byte_map_base: 0x0000000011010000

Marking Bits: (ParMarkBitMap*) 0x000000006deb5aa0
 Begin Bits: [0x0000000011e20000, 0x0000000013620000)
 End Bits:   [0x0000000013620000, 0x0000000014e20000)

Polling page: 0x0000000001f10000

CodeCache: size=245760Kb used=22673Kb max_used=23021Kb free=223086Kb
 bounds [0x0000000002150000, 0x00000000037f0000, 0x0000000011150000]
 total_blobs=7646 nmethods=6853 adapters=706
 compilation: enabled

Compilation events (10 events):
Event: 22.973 Thread 0x0000000015ac2800 7697       3       sun.nio.cs.UTF_8::updatePositions (23 bytes)
Event: 22.973 Thread 0x0000000015ac2800 nmethod 7697 0x00000000022ec590 code [0x00000000022ec720, 0x00000000022ecb58]
Event: 22.973 Thread 0x0000000015abc000 nmethod 7692 0x0000000002ab5e10 code [0x0000000002ab5f80, 0x0000000002ab63f8]
Event: 22.974 Thread 0x0000000015abc000 7695       4       com.android.utils.XmlUtils::append (540 bytes)
Event: 23.033 Thread 0x0000000015ac2800 7698       3       java.nio.HeapByteBuffer::compact (52 bytes)
Event: 23.033 Thread 0x0000000015ac2800 nmethod 7698 0x00000000022a7c10 code [0x00000000022a7dc0, 0x00000000022a8608]
Event: 23.035 Thread 0x0000000015ac2800 7699       3       java.nio.charset.Charset::lookup (44 bytes)
Event: 23.036 Thread 0x0000000015ac2800 nmethod 7699 0x0000000002c27750 code [0x0000000002c27900, 0x0000000002c27de8]
Event: 23.260 Thread 0x0000000015ac2800 7700       3       java.io.FileInputStream::available (5 bytes)
Event: 23.260 Thread 0x0000000015ac2800 nmethod 7700 0x000000000243b850 code [0x000000000243b9c0, 0x000000000243bb48]

GC Heap History (10 events):
Event: 12.563 GC heap before
{Heap before GC invocations=13 (full 2):
 PSYoungGen      total 125952K, used 116224K [0x00000000e0000000, 0x00000000e9200000, 0x0000000100000000)
  eden space 116224K, 100% used [0x00000000e0000000,0x00000000e7180000,0x00000000e7180000)
  from space 9728K, 0% used [0x00000000e7b00000,0x00000000e7b00000,0x00000000e8480000)
  to   space 9728K, 0% used [0x00000000e7180000,0x00000000e7180000,0x00000000e7b00000)
 ParOldGen       total 65024K, used 16365K [0x00000000a0000000, 0x00000000a3f80000, 0x00000000e0000000)
  object space 65024K, 25% used [0x00000000a0000000,0x00000000a0ffb538,0x00000000a3f80000)
 Metaspace       used 44724K, capacity 45568K, committed 45872K, reserved 1089536K
  class space    used 6117K, capacity 6421K, committed 6448K, reserved 1048576K
Event: 12.597 GC heap after
Heap after GC invocations=13 (full 2):
 PSYoungGen      total 125952K, used 9703K [0x00000000e0000000, 0x00000000eb100000, 0x0000000100000000)
  eden space 116224K, 0% used [0x00000000e0000000,0x00000000e0000000,0x00000000e7180000)
  from space 9728K, 99% used [0x00000000e7180000,0x00000000e7af9da8,0x00000000e7b00000)
  to   space 13312K, 0% used [0x00000000ea400000,0x00000000ea400000,0x00000000eb100000)
 ParOldGen       total 65024K, used 22726K [0x00000000a0000000, 0x00000000a3f80000, 0x00000000e0000000)
  object space 65024K, 34% used [0x00000000a0000000,0x00000000a1631bd0,0x00000000a3f80000)
 Metaspace       used 44724K, capacity 45568K, committed 45872K, reserved 1089536K
  class space    used 6117K, capacity 6421K, committed 6448K, reserved 1048576K
}
Event: 15.250 GC heap before
{Heap before GC invocations=14 (full 2):
 PSYoungGen      total 125952K, used 125927K [0x00000000e0000000, 0x00000000eb100000, 0x0000000100000000)
  eden space 116224K, 100% used [0x00000000e0000000,0x00000000e7180000,0x00000000e7180000)
  from space 9728K, 99% used [0x00000000e7180000,0x00000000e7af9da8,0x00000000e7b00000)
  to   space 13312K, 0% used [0x00000000ea400000,0x00000000ea400000,0x00000000eb100000)
 ParOldGen       total 65024K, used 22726K [0x00000000a0000000, 0x00000000a3f80000, 0x00000000e0000000)
  object space 65024K, 34% used [0x00000000a0000000,0x00000000a1631bd0,0x00000000a3f80000)
 Metaspace       used 55658K, capacity 57020K, committed 57136K, reserved 1097728K
  class space    used 7601K, capacity 7977K, committed 7984K, reserved 1048576K
Event: 15.315 GC heap after
Heap after GC invocations=14 (full 2):
 PSYoungGen      total 166912K, used 12313K [0x00000000e0000000, 0x00000000eb380000, 0x0000000100000000)
  eden space 153600K, 0% used [0x00000000e0000000,0x00000000e0000000,0x00000000e9600000)
  from space 13312K, 92% used [0x00000000ea400000,0x00000000eb0064b0,0x00000000eb100000)
  to   space 14336K, 0% used [0x00000000e9600000,0x00000000e9600000,0x00000000ea400000)
 ParOldGen       total 65024K, used 31180K [0x00000000a0000000, 0x00000000a3f80000, 0x00000000e0000000)
  object space 65024K, 47% used [0x00000000a0000000,0x00000000a1e73358,0x00000000a3f80000)
 Metaspace       used 55658K, capacity 57020K, committed 57136K, reserved 1097728K
  class space    used 7601K, capacity 7977K, committed 7984K, reserved 1048576K
}
Event: 16.133 GC heap before
{Heap before GC invocations=15 (full 2):
 PSYoungGen      total 166912K, used 47740K [0x00000000e0000000, 0x00000000eb380000, 0x0000000100000000)
  eden space 153600K, 23% used [0x00000000e0000000,0x00000000e2298eb0,0x00000000e9600000)
  from space 13312K, 92% used [0x00000000ea400000,0x00000000eb0064b0,0x00000000eb100000)
  to   space 14336K, 0% used [0x00000000e9600000,0x00000000e9600000,0x00000000ea400000)
 ParOldGen       total 65024K, used 31180K [0x00000000a0000000, 0x00000000a3f80000, 0x00000000e0000000)
  object space 65024K, 47% used [0x00000000a0000000,0x00000000a1e73358,0x00000000a3f80000)
 Metaspace       used 57501K, capacity 59004K, committed 59160K, reserved 1099776K
  class space    used 7856K, capacity 8263K, committed 8368K, reserved 1048576K
Event: 16.152 GC heap after
Heap after GC invocations=15 (full 2):
 PSYoungGen      total 167936K, used 3876K [0x00000000e0000000, 0x00000000eb380000, 0x0000000100000000)
  eden space 153600K, 0% used [0x00000000e0000000,0x00000000e0000000,0x00000000e9600000)
  from space 14336K, 27% used [0x00000000e9600000,0x00000000e99c9048,0x00000000ea400000)
  to   space 13312K, 0% used [0x00000000ea400000,0x00000000ea400000,0x00000000eb100000)
 ParOldGen       total 65024K, used 35499K [0x00000000a0000000, 0x00000000a3f80000, 0x00000000e0000000)
  object space 65024K, 54% used [0x00000000a0000000,0x00000000a22aaf00,0x00000000a3f80000)
 Metaspace       used 57501K, capacity 59004K, committed 59160K, reserved 1099776K
  class space    used 7856K, capacity 8263K, committed 8368K, reserved 1048576K
}
Event: 16.152 GC heap before
{Heap before GC invocations=16 (full 3):
 PSYoungGen      total 167936K, used 3876K [0x00000000e0000000, 0x00000000eb380000, 0x0000000100000000)
  eden space 153600K, 0% used [0x00000000e0000000,0x00000000e0000000,0x00000000e9600000)
  from space 14336K, 27% used [0x00000000e9600000,0x00000000e99c9048,0x00000000ea400000)
  to   space 13312K, 0% used [0x00000000ea400000,0x00000000ea400000,0x00000000eb100000)
 ParOldGen       total 65024K, used 35499K [0x00000000a0000000, 0x00000000a3f80000, 0x00000000e0000000)
  object space 65024K, 54% used [0x00000000a0000000,0x00000000a22aaf00,0x00000000a3f80000)
 Metaspace       used 57501K, capacity 59004K, committed 59160K, reserved 1099776K
  class space    used 7856K, capacity 8263K, committed 8368K, reserved 1048576K
Event: 16.552 GC heap after
Heap after GC invocations=16 (full 3):
 PSYoungGen      total 167936K, used 0K [0x00000000e0000000, 0x00000000eb380000, 0x0000000100000000)
  eden space 153600K, 0% used [0x00000000e0000000,0x00000000e0000000,0x00000000e9600000)
  from space 14336K, 0% used [0x00000000e9600000,0x00000000e9600000,0x00000000ea400000)
  to   space 13312K, 0% used [0x00000000ea400000,0x00000000ea400000,0x00000000eb100000)
 ParOldGen       total 65024K, used 30068K [0x00000000a0000000, 0x00000000a3f80000, 0x00000000e0000000)
  object space 65024K, 46% used [0x00000000a0000000,0x00000000a1d5d098,0x00000000a3f80000)
 Metaspace       used 57501K, capacity 59004K, committed 59160K, reserved 1099776K
  class space    used 7856K, capacity 8263K, committed 8368K, reserved 1048576K
}
Event: 22.920 GC heap before
{Heap before GC invocations=17 (full 3):
 PSYoungGen      total 167936K, used 152849K [0x00000000e0000000, 0x00000000eb380000, 0x0000000100000000)
  eden space 153600K, 99% used [0x00000000e0000000,0x00000000e95444d0,0x00000000e9600000)
  from space 14336K, 0% used [0x00000000e9600000,0x00000000e9600000,0x00000000ea400000)
  to   space 13312K, 0% used [0x00000000ea400000,0x00000000ea400000,0x00000000eb100000)
 ParOldGen       total 65024K, used 30068K [0x00000000a0000000, 0x00000000a3f80000, 0x00000000e0000000)
  object space 65024K, 46% used [0x00000000a0000000,0x00000000a1d5d098,0x00000000a3f80000)
 Metaspace       used 60277K, capacity 61878K, committed 62128K, reserved 1103872K
  class space    used 8128K, capacity 8544K, committed 8624K, reserved 1048576K
Event: 22.956 GC heap after
Heap after GC invocations=17 (full 3):
 PSYoungGen      total 166912K, used 13280K [0x00000000e0000000, 0x00000000eb380000, 0x0000000100000000)
  eden space 153600K, 0% used [0x00000000e0000000,0x00000000e0000000,0x00000000e9600000)
  from space 13312K, 99% used [0x00000000ea400000,0x00000000eb0f8218,0x00000000eb100000)
  to   space 14336K, 0% used [0x00000000e9600000,0x00000000e9600000,0x00000000ea400000)
 ParOldGen       total 65024K, used 39807K [0x00000000a0000000, 0x00000000a3f80000, 0x00000000e0000000)
  object space 65024K, 61% used [0x00000000a0000000,0x00000000a26dfda8,0x00000000a3f80000)
 Metaspace       used 60277K, capacity 61878K, committed 62128K, reserved 1103872K
  class space    used 8128K, capacity 8544K, committed 8624K, reserved 1048576K
}

Deoptimization events (10 events):
Event: 22.765 Thread 0x000000001bd7c800 Uncommon trap: reason=bimorphic action=maybe_recompile pc=0x00000000036d040c method=com.sun.org.apache.xerces.internal.dom.ParentNode.checkNormalizationAfterInsert(Lcom/sun/org/apache/xerces/internal/dom/ChildNode;)V @ 23
Event: 22.765 Thread 0x000000001bd7c800 Uncommon trap: reason=bimorphic action=maybe_recompile pc=0x00000000036d040c method=com.sun.org.apache.xerces.internal.dom.ParentNode.checkNormalizationAfterInsert(Lcom/sun/org/apache/xerces/internal/dom/ChildNode;)V @ 23
Event: 22.765 Thread 0x000000001bd7c800 Uncommon trap: reason=bimorphic action=maybe_recompile pc=0x00000000036cf5b4 method=com.sun.org.apache.xerces.internal.dom.ParentNode.checkNormalizationAfterInsert(Lcom/sun/org/apache/xerces/internal/dom/ChildNode;)V @ 23
Event: 22.802 Thread 0x000000001bd7c800 Uncommon trap: reason=class_check action=maybe_recompile pc=0x000000000371e930 method=com.sun.org.apache.xerces.internal.dom.ElementImpl.getAttributes()Lorg/w3c/dom/NamedNodeMap; @ 8
Event: 22.819 Thread 0x000000001bd7c800 Uncommon trap: reason=class_check action=maybe_recompile pc=0x000000000371e930 method=com.sun.org.apache.xerces.internal.dom.ElementImpl.getAttributes()Lorg/w3c/dom/NamedNodeMap; @ 8
Event: 22.820 Thread 0x000000001bd7c800 Uncommon trap: reason=class_check action=maybe_recompile pc=0x000000000371e930 method=com.sun.org.apache.xerces.internal.dom.ElementImpl.getAttributes()Lorg/w3c/dom/NamedNodeMap; @ 8
Event: 22.820 Thread 0x000000001bd7c800 Uncommon trap: reason=class_check action=maybe_recompile pc=0x000000000371e930 method=com.sun.org.apache.xerces.internal.dom.ElementImpl.getAttributes()Lorg/w3c/dom/NamedNodeMap; @ 8
Event: 22.899 Thread 0x000000001bd7c800 Uncommon trap: reason=unstable_if action=reinterpret pc=0x00000000037a1110 method=com.android.utils.XmlUtils.toXmlAttributeValue(Ljava/lang/String;)Ljava/lang/String; @ 33
Event: 22.900 Thread 0x000000001bd7c800 Uncommon trap: reason=unstable_if action=reinterpret pc=0x0000000003700718 method=com.android.utils.XmlUtils.toXmlAttributeValue(Ljava/lang/String;)Ljava/lang/String; @ 33
Event: 22.967 Thread 0x000000001bd7c800 Uncommon trap: reason=unstable_if action=reinterpret pc=0x000000000379c140 method=com.android.utils.XmlUtils.append(Lcom/android/utils/XmlUtils$PositionAwareStringBuilder;Lorg/w3c/dom/Node;Ljava/util/Map;)V @ 450

Classes redefined (0 events):
No events

Internal exceptions (10 events):
Event: 16.641 Thread 0x0000000018a1a800 Exception <a 'java/lang/NoSuchMethodError': <clinit>> (0x00000000e049c870) thrown at [D:\src\AOSP-openjdk-cygwin\jdk8u\hotspot\src\share\vm\prims\jni.cpp, line 1613]
Event: 16.658 Thread 0x000000001bd78800 Implicit null exception at 0x00000000023e7bdd to 0x00000000023e7d49
Event: 17.711 Thread 0x000000001bd79800 Exception <a 'java/lang/NoSuchMethodError': <clinit>> (0x00000000e1e4e180) thrown at [D:\src\AOSP-openjdk-cygwin\jdk8u\hotspot\src\share\vm\prims\jni.cpp, line 1613]
Event: 17.898 Thread 0x000000001bd79800 Exception <a 'java/lang/NoSuchMethodError': <clinit>> (0x00000000e21e8c18) thrown at [D:\src\AOSP-openjdk-cygwin\jdk8u\hotspot\src\share\vm\prims\jni.cpp, line 1613]
Event: 17.900 Thread 0x000000001bd79800 Exception <a 'java/lang/NoSuchMethodError': <clinit>> (0x00000000e21f2788) thrown at [D:\src\AOSP-openjdk-cygwin\jdk8u\hotspot\src\share\vm\prims\jni.cpp, line 1613]
Event: 17.903 Thread 0x000000001bd79800 Exception <a 'java/lang/NoSuchMethodError': <clinit>> (0x00000000e2208a68) thrown at [D:\src\AOSP-openjdk-cygwin\jdk8u\hotspot\src\share\vm\prims\jni.cpp, line 1613]
Event: 17.906 Thread 0x000000001bd79800 Exception <a 'java/lang/NoSuchMethodError': <clinit>> (0x00000000e2213738) thrown at [D:\src\AOSP-openjdk-cygwin\jdk8u\hotspot\src\share\vm\prims\jni.cpp, line 1613]
Event: 21.588 Thread 0x000000001bd7c800 Implicit null exception at 0x00000000035d93f0 to 0x00000000035d99bc
Event: 21.921 Thread 0x000000001bd7c800 Implicit null exception at 0x00000000036e0517 to 0x00000000036e0865
Event: 22.967 Thread 0x000000001bd7c800 Implicit null exception at 0x000000000379f1b2 to 0x000000000379c115

Events (10 events):
Event: 23.177 loading class com/android/builder/internal/aapt/v2/Aapt2DaemonImpl$WaitForTaskCompletion
Event: 23.177 loading class com/android/builder/internal/aapt/v2/Aapt2DaemonImpl$WaitForTaskCompletion done
Event: 23.177 loading class com/android/builder/internal/aapt/v2/Aapt2DaemonUtil
Event: 23.177 loading class com/android/builder/internal/aapt/v2/Aapt2DaemonUtil done
Event: 23.178 loading class com/android/builder/internal/aapt/AaptException
Event: 23.178 loading class com/android/builder/internal/aapt/AaptException done
Event: 23.178 loading class com/android/builder/internal/aapt/v2/AaptV2CommandBuilder
Event: 23.178 loading class com/android/builder/internal/aapt/v2/AaptV2CommandBuilder done
Event: 23.260 Thread 0x0000000015ac2800 flushing nmethod 0x00000000030e2f50
Event: 23.260 Thread 0x0000000015ac2800 flushing nmethod 0x0000000003188410


Dynamic libraries:
0x00007ff73b760000 - 0x00007ff73b791000 	C:\Program Files\Android\Android Studio\jre\bin\java.exe
0x00007ffb81880000 - 0x00007ffb81a2d000 	C:\Windows\SYSTEM32\ntdll.dll
0x00007ffb80e40000 - 0x00007ffb80f7f000 	C:\Windows\system32\KERNEL32.DLL
0x00007ffb7eb90000 - 0x00007ffb7eca6000 	C:\Windows\system32\KERNELBASE.dll
0x00007ffb7f460000 - 0x00007ffb7f50a000 	C:\Windows\system32\ADVAPI32.dll
0x00007ffb815e0000 - 0x00007ffb81757000 	C:\Windows\system32\USER32.dll
0x00007ffb7c1c0000 - 0x00007ffb7c43b000 	C:\Windows\WinSxS\amd64_microsoft.windows.common-controls_6595b64144ccf1df_6.0.9600.19394_none_62486577ecb635cf\COMCTL32.dll
0x00007ffb81770000 - 0x00007ffb8181a000 	C:\Windows\system32\msvcrt.dll
0x00007ffb7f510000 - 0x00007ffb7f569000 	C:\Windows\SYSTEM32\sechost.dll
0x00007ffb7ef80000 - 0x00007ffb7f0c0000 	C:\Windows\system32\RPCRT4.dll
0x00007ffb80f90000 - 0x00007ffb810dc000 	C:\Windows\system32\GDI32.dll
0x00007ffb7ed00000 - 0x00007ffb7ed2e000 	C:\Windows\system32\SspiCli.dll
0x00007ffb80c40000 - 0x00007ffb80c76000 	C:\Windows\system32\IMM32.DLL
0x00007ffb810f0000 - 0x00007ffb81242000 	C:\Windows\system32\MSCTF.dll
0x000000006d610000 - 0x000000006d6e2000 	C:\Program Files\Android\Android Studio\jre\jre\bin\msvcr100.dll
0x000000006d6f0000 - 0x000000006df31000 	C:\Program Files\Android\Android Studio\jre\jre\bin\server\jvm.dll
0x00007ffb7a520000 - 0x00007ffb7a529000 	C:\Windows\SYSTEM32\WSOCK32.dll
0x00007ffb6c360000 - 0x00007ffb6c382000 	C:\Windows\SYSTEM32\WINMM.dll
0x00007ffb779e0000 - 0x00007ffb779ea000 	C:\Windows\SYSTEM32\VERSION.dll
0x00007ffb81760000 - 0x00007ffb81767000 	C:\Windows\system32\PSAPI.DLL
0x00007ffb7f400000 - 0x00007ffb7f45a000 	C:\Windows\system32\WS2_32.dll
0x00007ffb6c330000 - 0x00007ffb6c35a000 	C:\Windows\SYSTEM32\WINMMBASE.dll
0x00007ffb81310000 - 0x00007ffb81319000 	C:\Windows\system32\NSI.dll
0x00007ffb7ecb0000 - 0x00007ffb7ecff000 	C:\Windows\SYSTEM32\cfgmgr32.dll
0x00007ffb7d7d0000 - 0x00007ffb7d7f8000 	C:\Windows\SYSTEM32\DEVOBJ.dll
0x00007ffb68480000 - 0x00007ffb6848f000 	C:\Program Files\Android\Android Studio\jre\jre\bin\verify.dll
0x00007ffb67580000 - 0x00007ffb675a9000 	C:\Program Files\Android\Android Studio\jre\jre\bin\java.dll
0x00007ffb66500000 - 0x00007ffb66516000 	C:\Program Files\Android\Android Studio\jre\jre\bin\zip.dll
0x00007ffb7f710000 - 0x00007ffb80c3b000 	C:\Windows\system32\SHELL32.dll
0x00007ffb7f190000 - 0x00007ffb7f3a0000 	C:\Windows\SYSTEM32\combase.dll
0x00007ffb7f3a0000 - 0x00007ffb7f3f4000 	C:\Windows\system32\SHLWAPI.dll
0x00007ffb7cf40000 - 0x00007ffb7cff2000 	C:\Windows\SYSTEM32\SHCORE.dll
0x00007ffb7e9b0000 - 0x00007ffb7e9c5000 	C:\Windows\SYSTEM32\profapi.dll
0x00007ffb64760000 - 0x00007ffb6477a000 	C:\Program Files\Android\Android Studio\jre\jre\bin\net.dll
0x00007ffb7e240000 - 0x00007ffb7e299000 	C:\Windows\system32\mswsock.dll
0x00007ffb64740000 - 0x00007ffb64751000 	C:\Program Files\Android\Android Studio\jre\jre\bin\nio.dll
0x00007ffb7c770000 - 0x00007ffb7c78e000 	C:\Users\prabitha\.gradle\native\25\windows-amd64\native-platform.dll
0x00007ffb681a0000 - 0x00007ffb681ad000 	C:\Program Files\Android\Android Studio\jre\jre\bin\management.dll
0x00007ffb7e2a0000 - 0x00007ffb7e2c0000 	C:\Windows\SYSTEM32\CRYPTSP.dll
0x00007ffb7dec0000 - 0x00007ffb7def6000 	C:\Windows\system32\rsaenh.dll
0x00007ffb7e560000 - 0x00007ffb7e586000 	C:\Windows\SYSTEM32\bcrypt.dll
0x00007ffb7dfd0000 - 0x00007ffb7dff1000 	C:\Windows\SYSTEM32\USERENV.dll
0x00007ffb7e880000 - 0x00007ffb7e8e3000 	C:\Windows\system32\bcryptprimitives.dll
0x00007ffb7e8f0000 - 0x00007ffb7e8fb000 	C:\Windows\SYSTEM32\CRYPTBASE.dll
0x00007ffb7a0d0000 - 0x00007ffb7a0fa000 	C:\Windows\SYSTEM32\IPHLPAPI.DLL
0x00007ffb7a0b0000 - 0x00007ffb7a0ba000 	C:\Windows\SYSTEM32\WINNSI.DLL
0x00007ffb79d30000 - 0x00007ffb79d46000 	C:\Windows\SYSTEM32\dhcpcsvc6.DLL
0x00007ffb79cc0000 - 0x00007ffb79cda000 	C:\Windows\SYSTEM32\dhcpcsvc.DLL

VM Arguments:
jvm_args: -Xmx1536m -Dfile.encoding=windows-1252 -Duser.country=US -Duser.language=en -Duser.variant 
java_command: org.gradle.launcher.daemon.bootstrap.GradleDaemon 4.10.1
java_class_path (initial): C:\Users\prabitha\.gradle\wrapper\dists\gradle-4.10.1-all\455itskqi2qtf0v2sja68alqd\gradle-4.10.1\lib\gradle-launcher-4.10.1.jar
Launcher Type: SUN_STANDARD

Environment Variables:
PATH=C:\Program Files (x86)\Common Files\Oracle\Java\javapath;C:\Windows\system32;C:\Windows;C:\Windows\System32\Wbem;C:\Windows\System32\WindowsPowerShell\v1.0\;C:\Program Files\dotnet\;C:\Program Files\Microsoft SQL Server\130\Tools\Binn\;C:\Program Files\Microsoft SQL Server\Client SDK\ODBC\130\Tools\Binn\;C:\Program Files (x86)\Microsoft SQL Server\140\Tools\Binn\;C:\Program Files\Microsoft SQL Server\140\Tools\Binn\;C:\Program Files\Microsoft SQL Server\140\DTS\Binn\;C:\Program Files (x86)\Microsoft SQL Server\150\DTS\Binn\;C:\Program Files\MySQL\MySQL Shell 8.0\bin\
USERNAME=prabitha
OS=Windows_NT
PROCESSOR_IDENTIFIER=Intel64 Family 6 Model 42 Stepping 7, GenuineIntel



---------------  S Y S T E M  ---------------

OS: Windows 8.1 , 64 bit Build 9600 (6.3.9600.19538)

CPU:total 4 (initial active 4) (2 cores per cpu, 2 threads per core) family 6 model 42 stepping 7, cmov, cx8, fxsr, mmx, sse, sse2, sse3, ssse3, sse4.1, sse4.2, popcnt, avx, clmul, ht, tsc, tscinvbit

Memory: 4k page, physical 6165788k(881296k free), swap 9311516k(4404k free)

vm_info: OpenJDK 64-Bit Server VM (25.152-b01) for windows-amd64 JRE (1.8.0_152-release-1248-b01), built by "builder" with MS VC++ 10.0 (VS2010)

time: Tue Dec 10 08:15:52 2019
elapsed time: 23 seconds (0d 0h 0m 23s)

