#
# There is insufficient memory for the Java Runtime Environment to continue.
# Native memory allocation (malloc) failed to allocate 1066336 bytes for Chunk::new
# Possible reasons:
#   The system is out of physical RAM or swap space
#   In 32 bit mode, the process size limit was hit
# Possible solutions:
#   Reduce memory load on the system
#   Increase physical memory or swap space
#   Check if swap backing store is full
#   Use 64 bit Java on a 64 bit OS
#   Decrease Java heap size (-Xmx/-Xms)
#   Decrease number of Java threads
#   Decrease Java thread stack sizes (-Xss)
#   Set larger code cache with -XX:ReservedCodeCacheSize=
# This output file may be truncated or incomplete.
#
#  Out of Memory Error (allocation.cpp:390), pid=27344, tid=0x00000000000051bc
#
# JRE version: OpenJDK Runtime Environment (8.0_152-b01) (build 1.8.0_152-release-1248-b01)
# Java VM: OpenJDK 64-Bit Server VM (25.152-b01 mixed mode windows-amd64 compressed oops)
# Failed to write core dump. Minidumps are not enabled by default on client versions of Windows
#

---------------  T H R E A D  ---------------

Current thread (0x00000000160c0800):  JavaThread "C2 CompilerThread1" daemon [_thread_in_native, id=20924, stack(0x00000000177f0000,0x00000000178f0000)]

Stack: [0x00000000177f0000,0x00000000178f0000]
[error occurred during error reporting (printing stack bounds), id 0xc0000005]

Native frames: (J=compiled Java code, j=interpreted, Vv=VM code, C=native code)


Current CompileTask:
C2:3076818 11763       4       com.android.utils.XmlUtils::append (540 bytes)


---------------  P R O C E S S  ---------------

Java Threads: ( => current thread )
  0x000000001ec7b000 JavaThread "stdout" daemon [_thread_in_native, id=30712, stack(0x0000000024b90000,0x0000000024c90000)]
  0x000000001ec7b800 JavaThread "stderr" daemon [_thread_in_native, id=24048, stack(0x0000000024a90000,0x0000000024b90000)]
  0x000000001ec7e000 JavaThread "stdout" daemon [_thread_in_native, id=37776, stack(0x0000000024990000,0x0000000024a90000)]
  0x000000001ec7a000 JavaThread "stderr" daemon [_thread_in_native, id=46864, stack(0x0000000024890000,0x0000000024990000)]
  0x000000001ec7d000 JavaThread "stdout" daemon [_thread_in_native, id=46328, stack(0x0000000024790000,0x0000000024890000)]
  0x000000001ec7c800 JavaThread "stderr" daemon [_thread_in_native, id=23592, stack(0x0000000024690000,0x0000000024790000)]
  0x000000001ec76800 JavaThread "pool-5-thread-1" [_thread_blocked, id=43584, stack(0x0000000024590000,0x0000000024690000)]
  0x000000001ec79800 JavaThread "ForkJoinPool.commonPool-worker-3" daemon [_thread_blocked, id=46096, stack(0x0000000024490000,0x0000000024590000)]
  0x000000001ec78800 JavaThread "ForkJoinPool.commonPool-worker-2" daemon [_thread_blocked, id=4680, stack(0x0000000024390000,0x0000000024490000)]
  0x000000001ec78000 JavaThread "ForkJoinPool.commonPool-worker-1" daemon [_thread_blocked, id=36784, stack(0x0000000024290000,0x0000000024390000)]
  0x00000000182a8800 JavaThread "Cache worker for Build Output Cleanup Cache (F:\workspace\mobtally\.gradle\buildOutputCleanup)" [_thread_blocked, id=1304, stack(0x0000000022db0000,0x0000000022eb0000)]
  0x00000000182a8000 JavaThread "Cache worker for task history cache (F:\workspace\mobtally\.gradle\4.10.1\taskHistory)" [_thread_blocked, id=33616, stack(0x0000000022cb0000,0x0000000022db0000)]
  0x00000000182a6800 JavaThread "Task worker for ':' Thread 3" [_thread_blocked, id=13212, stack(0x0000000022bb0000,0x0000000022cb0000)]
  0x0000000017b4a000 JavaThread "Task worker for ':' Thread 2" [_thread_blocked, id=46252, stack(0x0000000022ab0000,0x0000000022bb0000)]
  0x0000000017b4b800 JavaThread "Task worker for ':'" [_thread_blocked, id=36552, stack(0x00000000229b0000,0x0000000022ab0000)]
  0x0000000017b4a800 JavaThread "Cache worker for file content cache (F:\workspace\mobtally\.gradle\4.10.1\fileContent)" [_thread_blocked, id=43488, stack(0x00000000228b0000,0x00000000229b0000)]
  0x0000000017b46000 JavaThread "Cache worker for file content cache (C:\Users\prabitha\.gradle\caches\4.10.1\fileContent)" [_thread_blocked, id=28264, stack(0x0000000020f70000,0x0000000021070000)]
  0x0000000017b47000 JavaThread "Build operations Thread 4" [_thread_blocked, id=44700, stack(0x0000000020240000,0x0000000020340000)]
  0x0000000017b49000 JavaThread "Build operations Thread 3" [_thread_blocked, id=42568, stack(0x0000000020140000,0x0000000020240000)]
  0x0000000017b48800 JavaThread "Build operations Thread 2" [_thread_blocked, id=27060, stack(0x0000000020040000,0x0000000020140000)]
  0x0000000017b43000 JavaThread "Build operations" [_thread_blocked, id=28540, stack(0x000000001fa40000,0x000000001fb40000)]
  0x0000000017b45800 JavaThread "Cache worker for cache directory md-rule (C:\Users\prabitha\.gradle\caches\4.10.1\md-rule)" [_thread_blocked, id=45808, stack(0x000000001e2a0000,0x000000001e3a0000)]
  0x0000000017b44800 JavaThread "Cache worker for cache directory md-supplier (C:\Users\prabitha\.gradle\caches\4.10.1\md-supplier)" [_thread_blocked, id=6088, stack(0x000000001e000000,0x000000001e100000)]
  0x0000000017b43800 JavaThread "Cache worker for file hash cache (F:\workspace\mobtally\.gradle\4.10.1\fileHashes)" [_thread_blocked, id=46060, stack(0x000000001df00000,0x000000001e000000)]
  0x0000000017b42000 JavaThread "Stdin handler" [_thread_blocked, id=39008, stack(0x000000001db00000,0x000000001dc00000)]
  0x0000000017b3d800 JavaThread "Asynchronous log dispatcher for DefaultDaemonConnection: socket connection from /127.0.0.1:51200 to /127.0.0.1:51773" [_thread_blocked, id=8244, stack(0x000000001a590000,0x000000001a690000)]
  0x0000000017b3d000 JavaThread "Daemon worker Thread 2" [_thread_blocked, id=44928, stack(0x000000001a290000,0x000000001a390000)]
  0x0000000017b40000 JavaThread "Cancel handler" [_thread_blocked, id=44948, stack(0x000000001a190000,0x000000001a290000)]
  0x0000000017b3e800 JavaThread "Handler for socket connection from /127.0.0.1:51200 to /127.0.0.1:51773" [_thread_in_native, id=45816, stack(0x000000001a090000,0x000000001a190000)]
  0x0000000017b3f000 JavaThread "Daemon Thread 2" [_thread_blocked, id=22068, stack(0x0000000019f90000,0x000000001a090000)]
  0x0000000017b40800 JavaThread "Memory manager" [_thread_blocked, id=8964, stack(0x000000001a690000,0x000000001a790000)]
  0x00000000182a5800 JavaThread "Cache worker for Artifact transforms cache (C:\Users\prabitha\.gradle\caches\transforms-1)" [_thread_blocked, id=13864, stack(0x000000001fb40000,0x000000001fc40000)]
  0x00000000182a3800 JavaThread "Cache worker for journal cache (C:\Users\prabitha\.gradle\caches\journal-1)" [_thread_blocked, id=24468, stack(0x000000001dc00000,0x000000001dd00000)]
  0x000000001c249000 JavaThread "File lock request listener" [_thread_in_native, id=24056, stack(0x000000001ca30000,0x000000001cb30000)]
  0x000000001b6cf800 JavaThread "Cache worker for file hash cache (C:\Users\prabitha\.gradle\caches\4.10.1\fileHashes)" [_thread_blocked, id=41024, stack(0x000000001c930000,0x000000001ca30000)]
  0x0000000018e45800 JavaThread "Daemon periodic checks" [_thread_blocked, id=37052, stack(0x0000000019e90000,0x0000000019f90000)]
  0x0000000018e71000 JavaThread "Incoming local TCP Connector on port 51200" [_thread_in_native, id=24932, stack(0x0000000019ca0000,0x0000000019da0000)]
  0x000000001611d000 JavaThread "Service Thread" daemon [_thread_blocked, id=23512, stack(0x0000000017df0000,0x0000000017ef0000)]
  0x00000000160c4800 JavaThread "C1 CompilerThread2" daemon [_thread_blocked, id=23852, stack(0x00000000178f0000,0x00000000179f0000)]
=>0x00000000160c0800 JavaThread "C2 CompilerThread1" daemon [_thread_in_native, id=20924, stack(0x00000000177f0000,0x00000000178f0000)]
  0x00000000160bd000 JavaThread "C2 CompilerThread0" daemon [_thread_blocked, id=18576, stack(0x00000000176f0000,0x00000000177f0000)]
  0x00000000160bb800 JavaThread "Attach Listener" daemon [_thread_blocked, id=11912, stack(0x00000000175f0000,0x00000000176f0000)]
  0x00000000160ba000 JavaThread "Signal Dispatcher" daemon [_thread_blocked, id=9008, stack(0x00000000174f0000,0x00000000175f0000)]
  0x000000000268b800 JavaThread "Finalizer" daemon [_thread_blocked, id=14276, stack(0x0000000017310000,0x0000000017410000)]
  0x0000000002680000 JavaThread "Reference Handler" daemon [_thread_blocked, id=5692, stack(0x0000000017210000,0x0000000017310000)]
  0x000000000272d800 JavaThread "main" [_thread_blocked, id=24448, stack(0x0000000000d20000,0x0000000000e20000)]

Other Threads:
  0x0000000016086000 VMThread [stack: 0x0000000017110000,0x0000000017210000] [id=4840]
  0x00000000160df000 WatcherThread [stack: 0x0000000017ef0000,0x0000000017ff0000] [id=24756]

VM state:not at safepoint (normal execution)

VM Mutex/Monitor currently owned by a thread: None

Heap:
 PSYoungGen      total 97280K, used 23442K [0x00000000e0000000, 0x00000000e8a00000, 0x0000000100000000)
  eden space 81920K, 9% used [0x00000000e0000000,0x00000000e07ea028,0x00000000e5000000)
  from space 15360K, 99% used [0x00000000e5000000,0x00000000e5efa810,0x00000000e5f00000)
  to   space 23040K, 0% used [0x00000000e7380000,0x00000000e7380000,0x00000000e8a00000)
 ParOldGen       total 81920K, used 56093K [0x00000000a0000000, 0x00000000a5000000, 0x00000000e0000000)
  object space 81920K, 68% used [0x00000000a0000000,0x00000000a36c7710,0x00000000a5000000)
 Metaspace       used 74763K, capacity 77002K, committed 77272K, reserved 1116160K
  class space    used 9655K, capacity 10216K, committed 10240K, reserved 1048576K

Card table byte_map: [0x0000000011b10000,0x0000000011e20000] byte_map_base: 0x0000000011610000

Marking Bits: (ParMarkBitMap*) 0x000000006deb5aa0
 Begin Bits: [0x0000000012420000, 0x0000000013c20000)
 End Bits:   [0x0000000013c20000, 0x0000000015420000)

Polling page: 0x0000000000bb0000

CodeCache: size=245760Kb used=34300Kb max_used=34354Kb free=211460Kb
 bounds [0x0000000002750000, 0x0000000004910000, 0x0000000011750000]
 total_blobs=11052 nmethods=10200 adapters=764
 compilation: enabled

Compilation events (10 events):
Event: 3075.780 Thread 0x00000000160bd000 nmethod 11671 0x0000000002972750 code [0x00000000029728c0, 0x0000000002972f68]
Event: 3075.780 Thread 0x00000000160bd000 11733       4       com.sun.org.apache.xerces.internal.dom.NamedNodeMapImpl::item (41 bytes)
Event: 3075.780 Thread 0x00000000160c0800 11471       4       com.google.common.collect.ArrayListMultimap::put (7 bytes)
Event: 3075.781 Thread 0x00000000160c0800 nmethod 11471 0x0000000004833a50 code [0x0000000004833ba0, 0x0000000004833c28]
Event: 3075.781 Thread 0x00000000160c0800 11763       4       com.android.utils.XmlUtils::append (540 bytes)
Event: 3075.783 Thread 0x00000000160bd000 nmethod 11733 0x0000000002ba6e90 code [0x0000000002ba6fe0, 0x0000000002ba7158]
Event: 3075.788 Thread 0x00000000160c4800 11764       3       sun.nio.cs.UTF_8::access$200 (8 bytes)
Event: 3075.789 Thread 0x00000000160c4800 nmethod 11764 0x00000000048d45d0 code [0x00000000048d4760, 0x00000000048d4bf8]
Event: 3075.790 Thread 0x00000000160c4800 11765       3       sun.nio.cs.UTF_8::updatePositions (23 bytes)
Event: 3075.790 Thread 0x00000000160c4800 nmethod 11765 0x00000000029a1210 code [0x00000000029a13a0, 0x00000000029a17d8]

GC Heap History (10 events):
Event: 101.633 GC heap before
{Heap before GC invocations=26 (full 3):
 PSYoungGen      total 87552K, used 86089K [0x00000000e0000000, 0x00000000e5f80000, 0x0000000100000000)
  eden space 78336K, 100% used [0x00000000e0000000,0x00000000e4c80000,0x00000000e4c80000)
  from space 9216K, 84% used [0x00000000e5680000,0x00000000e5e12790,0x00000000e5f80000)
  to   space 9728K, 0% used [0x00000000e4c80000,0x00000000e4c80000,0x00000000e5600000)
 ParOldGen       total 81920K, used 30170K [0x00000000a0000000, 0x00000000a5000000, 0x00000000e0000000)
  object space 81920K, 36% used [0x00000000a0000000,0x00000000a1d76a90,0x00000000a5000000)
 Metaspace       used 66287K, capacity 67958K, committed 68184K, reserved 1107968K
  class space    used 8850K, capacity 9256K, committed 9344K, reserved 1048576K
Event: 101.667 GC heap after
Heap after GC invocations=26 (full 3):
 PSYoungGen      total 88064K, used 8777K [0x00000000e0000000, 0x00000000e6c00000, 0x0000000100000000)
  eden space 78336K, 0% used [0x00000000e0000000,0x00000000e0000000,0x00000000e4c80000)
  from space 9728K, 90% used [0x00000000e4c80000,0x00000000e55127f8,0x00000000e5600000)
  to   space 10752K, 0% used [0x00000000e6180000,0x00000000e6180000,0x00000000e6c00000)
 ParOldGen       total 81920K, used 30178K [0x00000000a0000000, 0x00000000a5000000, 0x00000000e0000000)
  object space 81920K, 36% used [0x00000000a0000000,0x00000000a1d78a90,0x00000000a5000000)
 Metaspace       used 66287K, capacity 67958K, committed 68184K, reserved 1107968K
  class space    used 8850K, capacity 9256K, committed 9344K, reserved 1048576K
}
Event: 109.733 GC heap before
{Heap before GC invocations=27 (full 3):
 PSYoungGen      total 88064K, used 87113K [0x00000000e0000000, 0x00000000e6c00000, 0x0000000100000000)
  eden space 78336K, 100% used [0x00000000e0000000,0x00000000e4c80000,0x00000000e4c80000)
  from space 9728K, 90% used [0x00000000e4c80000,0x00000000e55127f8,0x00000000e5600000)
  to   space 10752K, 0% used [0x00000000e6180000,0x00000000e6180000,0x00000000e6c00000)
 ParOldGen       total 81920K, used 30178K [0x00000000a0000000, 0x00000000a5000000, 0x00000000e0000000)
  object space 81920K, 36% used [0x00000000a0000000,0x00000000a1d78a90,0x00000000a5000000)
 Metaspace       used 70231K, capacity 72182K, committed 72408K, reserved 1112064K
  class space    used 9171K, capacity 9706K, committed 9728K, reserved 1048576K
Event: 109.777 GC heap after
Heap after GC invocations=27 (full 3):
 PSYoungGen      total 97792K, used 10739K [0x00000000e0000000, 0x00000000e7080000, 0x0000000100000000)
  eden space 87040K, 0% used [0x00000000e0000000,0x00000000e0000000,0x00000000e5500000)
  from space 10752K, 99% used [0x00000000e6180000,0x00000000e6bfce68,0x00000000e6c00000)
  to   space 12800K, 0% used [0x00000000e5500000,0x00000000e5500000,0x00000000e6180000)
 ParOldGen       total 81920K, used 32460K [0x00000000a0000000, 0x00000000a5000000, 0x00000000e0000000)
  object space 81920K, 39% used [0x00000000a0000000,0x00000000a1fb32d0,0x00000000a5000000)
 Metaspace       used 70231K, capacity 72182K, committed 72408K, reserved 1112064K
  class space    used 9171K, capacity 9706K, committed 9728K, reserved 1048576K
}
Event: 3066.185 GC heap before
{Heap before GC invocations=28 (full 3):
 PSYoungGen      total 97792K, used 97779K [0x00000000e0000000, 0x00000000e7080000, 0x0000000100000000)
  eden space 87040K, 100% used [0x00000000e0000000,0x00000000e5500000,0x00000000e5500000)
  from space 10752K, 99% used [0x00000000e6180000,0x00000000e6bfce68,0x00000000e6c00000)
  to   space 12800K, 0% used [0x00000000e5500000,0x00000000e5500000,0x00000000e6180000)
 ParOldGen       total 81920K, used 32460K [0x00000000a0000000, 0x00000000a5000000, 0x00000000e0000000)
  object space 81920K, 39% used [0x00000000a0000000,0x00000000a1fb32d0,0x00000000a5000000)
 Metaspace       used 72580K, capacity 74806K, committed 75096K, reserved 1114112K
  class space    used 9469K, capacity 10032K, committed 10112K, reserved 1048576K
Event: 3066.373 GC heap after
Heap after GC invocations=28 (full 3):
 PSYoungGen      total 92160K, used 7213K [0x00000000e0000000, 0x00000000e6b80000, 0x0000000100000000)
  eden space 84480K, 0% used [0x00000000e0000000,0x00000000e0000000,0x00000000e5280000)
  from space 7680K, 93% used [0x00000000e5500000,0x00000000e5c0b708,0x00000000e5c80000)
  to   space 12800K, 0% used [0x00000000e5f00000,0x00000000e5f00000,0x00000000e6b80000)
 ParOldGen       total 81920K, used 38143K [0x00000000a0000000, 0x00000000a5000000, 0x00000000e0000000)
  object space 81920K, 46% used [0x00000000a0000000,0x00000000a253fcd0,0x00000000a5000000)
 Metaspace       used 72580K, capacity 74806K, committed 75096K, reserved 1114112K
  class space    used 9469K, capacity 10032K, committed 10112K, reserved 1048576K
}
Event: 3072.255 GC heap before
{Heap before GC invocations=29 (full 3):
 PSYoungGen      total 92160K, used 91693K [0x00000000e0000000, 0x00000000e6b80000, 0x0000000100000000)
  eden space 84480K, 100% used [0x00000000e0000000,0x00000000e5280000,0x00000000e5280000)
  from space 7680K, 93% used [0x00000000e5500000,0x00000000e5c0b708,0x00000000e5c80000)
  to   space 12800K, 0% used [0x00000000e5f00000,0x00000000e5f00000,0x00000000e6b80000)
 ParOldGen       total 81920K, used 38143K [0x00000000a0000000, 0x00000000a5000000, 0x00000000e0000000)
  object space 81920K, 46% used [0x00000000a0000000,0x00000000a253fcd0,0x00000000a5000000)
 Metaspace       used 74095K, capacity 76324K, committed 76504K, reserved 1116160K
  class space    used 9611K, capacity 10183K, committed 10240K, reserved 1048576K
Event: 3072.319 GC heap after
Heap after GC invocations=29 (full 3):
 PSYoungGen      total 94720K, used 12777K [0x00000000e0000000, 0x00000000e6e00000, 0x0000000100000000)
  eden space 81920K, 0% used [0x00000000e0000000,0x00000000e0000000,0x00000000e5000000)
  from space 12800K, 99% used [0x00000000e5f00000,0x00000000e6b7a5e0,0x00000000e6b80000)
  to   space 15360K, 0% used [0x00000000e5000000,0x00000000e5000000,0x00000000e5f00000)
 ParOldGen       total 81920K, used 41191K [0x00000000a0000000, 0x00000000a5000000, 0x00000000e0000000)
  object space 81920K, 50% used [0x00000000a0000000,0x00000000a2839cc0,0x00000000a5000000)
 Metaspace       used 74095K, capacity 76324K, committed 76504K, reserved 1116160K
  class space    used 9611K, capacity 10183K, committed 10240K, reserved 1048576K
}
Event: 3075.666 GC heap before
{Heap before GC invocations=30 (full 3):
 PSYoungGen      total 94720K, used 92745K [0x00000000e0000000, 0x00000000e6e00000, 0x0000000100000000)
  eden space 81920K, 97% used [0x00000000e0000000,0x00000000e4e17ee0,0x00000000e5000000)
  from space 12800K, 99% used [0x00000000e5f00000,0x00000000e6b7a5e0,0x00000000e6b80000)
  to   space 15360K, 0% used [0x00000000e5000000,0x00000000e5000000,0x00000000e5f00000)
 ParOldGen       total 81920K, used 41191K [0x00000000a0000000, 0x00000000a5000000, 0x00000000e0000000)
  object space 81920K, 50% used [0x00000000a0000000,0x00000000a2839cc0,0x00000000a5000000)
 Metaspace       used 74637K, capacity 76874K, committed 77016K, reserved 1116160K
  class space    used 9636K, capacity 10216K, committed 10240K, reserved 1048576K
Event: 3075.773 GC heap after
Heap after GC invocations=30 (full 3):
 PSYoungGen      total 97280K, used 15338K [0x00000000e0000000, 0x00000000e8a00000, 0x0000000100000000)
  eden space 81920K, 0% used [0x00000000e0000000,0x00000000e0000000,0x00000000e5000000)
  from space 15360K, 99% used [0x00000000e5000000,0x00000000e5efa810,0x00000000e5f00000)
  to   space 23040K, 0% used [0x00000000e7380000,0x00000000e7380000,0x00000000e8a00000)
 ParOldGen       total 81920K, used 56093K [0x00000000a0000000, 0x00000000a5000000, 0x00000000e0000000)
  object space 81920K, 68% used [0x00000000a0000000,0x00000000a36c7710,0x00000000a5000000)
 Metaspace       used 74637K, capacity 76874K, committed 77016K, reserved 1116160K
  class space    used 9636K, capacity 10216K, committed 10240K, reserved 1048576K
}

Deoptimization events (10 events):
Event: 3075.512 Thread 0x0000000017b4a000 Uncommon trap: reason=bimorphic action=maybe_recompile pc=0x000000000484f0bc method=com.android.ide.common.resources.NodeUtils.updateNamespace(Lorg/w3c/dom/Node;Lorg/w3c/dom/Document;)V @ 119
Event: 3075.512 Thread 0x0000000017b4a000 Uncommon trap: reason=bimorphic action=maybe_recompile pc=0x000000000484f0bc method=com.android.ide.common.resources.NodeUtils.updateNamespace(Lorg/w3c/dom/Node;Lorg/w3c/dom/Document;)V @ 119
Event: 3075.513 Thread 0x0000000017b4a000 Uncommon trap: reason=bimorphic action=maybe_recompile pc=0x00000000047fb48c method=com.sun.org.apache.xerces.internal.dom.ParentNode.checkNormalizationAfterInsert(Lcom/sun/org/apache/xerces/internal/dom/ChildNode;)V @ 23
Event: 3075.513 Thread 0x0000000017b4a000 Uncommon trap: reason=bimorphic action=maybe_recompile pc=0x00000000047fb48c method=com.sun.org.apache.xerces.internal.dom.ParentNode.checkNormalizationAfterInsert(Lcom/sun/org/apache/xerces/internal/dom/ChildNode;)V @ 23
Event: 3075.513 Thread 0x0000000017b4a000 Uncommon trap: reason=bimorphic action=maybe_recompile pc=0x00000000047fb48c method=com.sun.org.apache.xerces.internal.dom.ParentNode.checkNormalizationAfterInsert(Lcom/sun/org/apache/xerces/internal/dom/ChildNode;)V @ 23
Event: 3075.513 Thread 0x0000000017b4a000 Uncommon trap: reason=bimorphic action=maybe_recompile pc=0x00000000047fb48c method=com.sun.org.apache.xerces.internal.dom.ParentNode.checkNormalizationAfterInsert(Lcom/sun/org/apache/xerces/internal/dom/ChildNode;)V @ 23
Event: 3075.513 Thread 0x0000000017b4a000 Uncommon trap: reason=bimorphic action=maybe_recompile pc=0x0000000004802e34 method=com.sun.org.apache.xerces.internal.dom.ParentNode.checkNormalizationAfterInsert(Lcom/sun/org/apache/xerces/internal/dom/ChildNode;)V @ 23
Event: 3075.624 Thread 0x0000000017b4a000 Uncommon trap: reason=unstable_if action=reinterpret pc=0x00000000048c7e64 method=com.android.utils.XmlUtils.toXmlAttributeValue(Ljava/lang/String;)Ljava/lang/String; @ 33
Event: 3075.624 Thread 0x0000000017b4a000 Uncommon trap: reason=unstable_if action=reinterpret pc=0x00000000048353d8 method=com.android.utils.XmlUtils.toXmlAttributeValue(Ljava/lang/String;)Ljava/lang/String; @ 33
Event: 3075.782 Thread 0x0000000017b4a000 Uncommon trap: reason=unstable_if action=reinterpret pc=0x00000000048c2df4 method=com.android.utils.XmlUtils.append(Lcom/android/utils/XmlUtils$PositionAwareStringBuilder;Lorg/w3c/dom/Node;Ljava/util/Map;)V @ 450

Classes redefined (0 events):
No events

Internal exceptions (10 events):
Event: 3069.386 Thread 0x00000000182a6800 Exception <a 'sun/nio/fs/WindowsException'> (0x00000000e2508710) thrown at [D:\src\AOSP-openjdk-cygwin\jdk8u\hotspot\src\share\vm\prims\jni.cpp, line 709]
Event: 3069.589 Thread 0x0000000017b4a000 Exception <a 'java/lang/NoSuchMethodError': <clinit>> (0x00000000e26bc9b8) thrown at [D:\src\AOSP-openjdk-cygwin\jdk8u\hotspot\src\share\vm\prims\jni.cpp, line 1613]
Event: 3069.590 Thread 0x0000000017b4a000 Exception <a 'java/lang/NoSuchMethodError': <clinit>> (0x00000000e26c6558) thrown at [D:\src\AOSP-openjdk-cygwin\jdk8u\hotspot\src\share\vm\prims\jni.cpp, line 1613]
Event: 3069.592 Thread 0x0000000017b4a000 Exception <a 'java/lang/NoSuchMethodError': <clinit>> (0x00000000e26dc888) thrown at [D:\src\AOSP-openjdk-cygwin\jdk8u\hotspot\src\share\vm\prims\jni.cpp, line 1613]
Event: 3069.594 Thread 0x0000000017b4a000 Exception <a 'java/lang/NoSuchMethodError': <clinit>> (0x00000000e26e7430) thrown at [D:\src\AOSP-openjdk-cygwin\jdk8u\hotspot\src\share\vm\prims\jni.cpp, line 1613]
Event: 3070.726 Thread 0x0000000017b4a000 Implicit null exception at 0x000000000372ef1e to 0x000000000372f0a1
Event: 3073.262 Thread 0x0000000017b4a000 Implicit null exception at 0x00000000046f2287 to 0x00000000046f2835
Event: 3074.564 Thread 0x0000000017b4a000 Implicit null exception at 0x0000000004839113 to 0x000000000483b455
Event: 3074.564 Thread 0x0000000017b4a000 Implicit null exception at 0x0000000004806e17 to 0x0000000004807169
Event: 3075.782 Thread 0x0000000017b4a000 Implicit null exception at 0x00000000048c5920 to 0x00000000048c2dc5

Events (10 events):
Event: 3075.854 loading class com/android/utils/GrabProcessOutput$1
Event: 3075.854 loading class com/android/utils/GrabProcessOutput$1 done
Event: 3075.855 loading class com/android/utils/GrabProcessOutput$2
Event: 3075.855 loading class com/android/utils/GrabProcessOutput$2 done
Event: 3075.856 Thread 0x000000001ec7c800 Thread added: 0x000000001ec7c800
Event: 3075.856 Thread 0x000000001ec7d000 Thread added: 0x000000001ec7d000
Event: 3075.885 Thread 0x000000001ec7a000 Thread added: 0x000000001ec7a000
Event: 3075.885 Thread 0x000000001ec7e000 Thread added: 0x000000001ec7e000
Event: 3075.888 Thread 0x000000001ec7b800 Thread added: 0x000000001ec7b800
Event: 3075.888 Thread 0x000000001ec7b000 Thread added: 0x000000001ec7b000


Dynamic libraries:
0x00007ff73b760000 - 0x00007ff73b791000 	C:\Program Files\Android\Android Studio\jre\bin\java.exe
0x00007ffb81880000 - 0x00007ffb81a2d000 	C:\Windows\SYSTEM32\ntdll.dll
0x00007ffb80e40000 - 0x00007ffb80f7f000 	C:\Windows\system32\KERNEL32.DLL
0x00007ffb7eb90000 - 0x00007ffb7eca6000 	C:\Windows\system32\KERNELBASE.dll
0x00007ffb7f460000 - 0x00007ffb7f50a000 	C:\Windows\system32\ADVAPI32.dll
0x00007ffb815e0000 - 0x00007ffb81757000 	C:\Windows\system32\USER32.dll
0x00007ffb7c1c0000 - 0x00007ffb7c43b000 	C:\Windows\WinSxS\amd64_microsoft.windows.common-controls_6595b64144ccf1df_6.0.9600.19394_none_62486577ecb635cf\COMCTL32.dll
0x00007ffb81770000 - 0x00007ffb8181a000 	C:\Windows\system32\msvcrt.dll
0x00007ffb7f510000 - 0x00007ffb7f569000 	C:\Windows\SYSTEM32\sechost.dll
0x00007ffb7ef80000 - 0x00007ffb7f0c0000 	C:\Windows\system32\RPCRT4.dll
0x00007ffb80f90000 - 0x00007ffb810dc000 	C:\Windows\system32\GDI32.dll
0x00007ffb7ed00000 - 0x00007ffb7ed2e000 	C:\Windows\system32\SspiCli.dll
0x00007ffb80c40000 - 0x00007ffb80c76000 	C:\Windows\system32\IMM32.DLL
0x00007ffb810f0000 - 0x00007ffb81242000 	C:\Windows\system32\MSCTF.dll
0x000000006d610000 - 0x000000006d6e2000 	C:\Program Files\Android\Android Studio\jre\jre\bin\msvcr100.dll
0x000000006d6f0000 - 0x000000006df31000 	C:\Program Files\Android\Android Studio\jre\jre\bin\server\jvm.dll
0x00007ffb7a520000 - 0x00007ffb7a529000 	C:\Windows\SYSTEM32\WSOCK32.dll
0x00007ffb6c360000 - 0x00007ffb6c382000 	C:\Windows\SYSTEM32\WINMM.dll
0x00007ffb779e0000 - 0x00007ffb779ea000 	C:\Windows\SYSTEM32\VERSION.dll
0x00007ffb81760000 - 0x00007ffb81767000 	C:\Windows\system32\PSAPI.DLL
0x00007ffb7f400000 - 0x00007ffb7f45a000 	C:\Windows\system32\WS2_32.dll
0x00007ffb6c330000 - 0x00007ffb6c35a000 	C:\Windows\SYSTEM32\WINMMBASE.dll
0x00007ffb81310000 - 0x00007ffb81319000 	C:\Windows\system32\NSI.dll
0x00007ffb7ecb0000 - 0x00007ffb7ecff000 	C:\Windows\SYSTEM32\cfgmgr32.dll
0x00007ffb7d7d0000 - 0x00007ffb7d7f8000 	C:\Windows\SYSTEM32\DEVOBJ.dll
0x00007ffb68480000 - 0x00007ffb6848f000 	C:\Program Files\Android\Android Studio\jre\jre\bin\verify.dll
0x00007ffb67580000 - 0x00007ffb675a9000 	C:\Program Files\Android\Android Studio\jre\jre\bin\java.dll
0x00007ffb66500000 - 0x00007ffb66516000 	C:\Program Files\Android\Android Studio\jre\jre\bin\zip.dll
0x00007ffb7f710000 - 0x00007ffb80c3b000 	C:\Windows\system32\SHELL32.dll
0x00007ffb7f190000 - 0x00007ffb7f3a0000 	C:\Windows\SYSTEM32\combase.dll
0x00007ffb7f3a0000 - 0x00007ffb7f3f4000 	C:\Windows\system32\SHLWAPI.dll
0x00007ffb7cf40000 - 0x00007ffb7cff2000 	C:\Windows\SYSTEM32\SHCORE.dll
0x00007ffb7e9b0000 - 0x00007ffb7e9c5000 	C:\Windows\SYSTEM32\profapi.dll
0x00007ffb64760000 - 0x00007ffb6477a000 	C:\Program Files\Android\Android Studio\jre\jre\bin\net.dll
0x00007ffb7e240000 - 0x00007ffb7e299000 	C:\Windows\system32\mswsock.dll
0x00007ffb64740000 - 0x00007ffb64751000 	C:\Program Files\Android\Android Studio\jre\jre\bin\nio.dll
0x00007ffb7c770000 - 0x00007ffb7c78e000 	C:\Users\prabitha\.gradle\native\25\windows-amd64\native-platform.dll
0x00007ffb681a0000 - 0x00007ffb681ad000 	C:\Program Files\Android\Android Studio\jre\jre\bin\management.dll
0x00007ffb7e2a0000 - 0x00007ffb7e2c0000 	C:\Windows\SYSTEM32\CRYPTSP.dll
0x00007ffb7dec0000 - 0x00007ffb7def6000 	C:\Windows\system32\rsaenh.dll
0x00007ffb7e560000 - 0x00007ffb7e586000 	C:\Windows\SYSTEM32\bcrypt.dll
0x00007ffb7dfd0000 - 0x00007ffb7dff1000 	C:\Windows\SYSTEM32\USERENV.dll
0x00007ffb7e880000 - 0x00007ffb7e8e3000 	C:\Windows\system32\bcryptprimitives.dll
0x00007ffb7e8f0000 - 0x00007ffb7e8fb000 	C:\Windows\SYSTEM32\CRYPTBASE.dll
0x00007ffb7a0d0000 - 0x00007ffb7a0fa000 	C:\Windows\SYSTEM32\IPHLPAPI.DLL
0x00007ffb7a0b0000 - 0x00007ffb7a0ba000 	C:\Windows\SYSTEM32\WINNSI.DLL
0x00007ffb79d30000 - 0x00007ffb79d46000 	C:\Windows\SYSTEM32\dhcpcsvc6.DLL
0x00007ffb79cc0000 - 0x00007ffb79cda000 	C:\Windows\SYSTEM32\dhcpcsvc.DLL
0x00007ffb5b400000 - 0x00007ffb5b424000 	C:\Program Files\Android\Android Studio\jre\jre\bin\sunec.dll
0x00007ffb7e040000 - 0x00007ffb7e0e4000 	C:\Windows\SYSTEM32\DNSAPI.dll
0x00007ffb73230000 - 0x00007ffb7323a000 	C:\Windows\System32\rasadhlp.dll
0x00007ffb79bc0000 - 0x00007ffb79c2b000 	C:\Windows\System32\fwpuclnt.dll
0x00007ffb67fb0000 - 0x00007ffb67fbb000 	C:\Program Files\Android\Android Studio\jre\jre\bin\sunmscapi.dll
0x00007ffb7ed30000 - 0x00007ffb7ef0f000 	C:\Windows\system32\CRYPT32.dll
0x00007ffb7ea60000 - 0x00007ffb7ea71000 	C:\Windows\system32\MSASN1.dll

VM Arguments:
jvm_args: -Xmx1536m -Dfile.encoding=windows-1252 -Duser.country=US -Duser.language=en -Duser.variant 
java_command: org.gradle.launcher.daemon.bootstrap.GradleDaemon 4.10.1
java_class_path (initial): C:\Users\prabitha\.gradle\wrapper\dists\gradle-4.10.1-all\455itskqi2qtf0v2sja68alqd\gradle-4.10.1\lib\gradle-launcher-4.10.1.jar
Launcher Type: SUN_STANDARD

Environment Variables:
PATH=C:\Program Files (x86)\Common Files\Oracle\Java\javapath;C:\Windows\system32;C:\Windows;C:\Windows\System32\Wbem;C:\Windows\System32\WindowsPowerShell\v1.0\;C:\Program Files\dotnet\;C:\Program Files\Microsoft SQL Server\130\Tools\Binn\;C:\Program Files\Microsoft SQL Server\Client SDK\ODBC\130\Tools\Binn\;C:\Program Files (x86)\Microsoft SQL Server\140\Tools\Binn\;C:\Program Files\Microsoft SQL Server\140\Tools\Binn\;C:\Program Files\Microsoft SQL Server\140\DTS\Binn\;C:\Program Files (x86)\Microsoft SQL Server\150\DTS\Binn\;C:\Program Files\MySQL\MySQL Shell 8.0\bin\
USERNAME=prabitha
OS=Windows_NT
PROCESSOR_IDENTIFIER=Intel64 Family 6 Model 42 Stepping 7, GenuineIntel



---------------  S Y S T E M  ---------------

OS: Windows 8.1 , 64 bit Build 9600 (6.3.9600.19538)

CPU:total 4 (initial active 4) (2 cores per cpu, 2 threads per core) family 6 model 42 stepping 7, cmov, cx8, fxsr, mmx, sse, sse2, sse3, ssse3, sse4.1, sse4.2, popcnt, avx, clmul, ht, tsc, tscinvbit

Memory: 4k page, physical 6165788k(906124k free), swap 9311516k(5264k free)

vm_info: OpenJDK 64-Bit Server VM (25.152-b01) for windows-amd64 JRE (1.8.0_152-release-1248-b01), built by "builder" with MS VC++ 10.0 (VS2010)

time: Tue Dec 10 08:15:00 2019
elapsed time: 3076 seconds (0d 0h 51m 16s)

