#
# There is insufficient memory for the Java Runtime Environment to continue.
# Native memory allocation (malloc) failed to allocate 1867728 bytes for Chunk::new
# Possible reasons:
#   The system is out of physical RAM or swap space
#   The process is running with CompressedOops enabled, and the Java Heap may be blocking the growth of the native heap
# Possible solutions:
#   Reduce memory load on the system
#   Increase physical memory or swap space
#   Check if swap backing store is full
#   Decrease Java heap size (-Xmx/-Xms)
#   Decrease number of Java threads
#   Decrease Java thread stack sizes (-Xss)
#   Set larger code cache with -XX:ReservedCodeCacheSize=
#   JVM is running with Unscaled Compressed Oops mode in which the Java heap is
#     placed in the first 4GB address space. The Java Heap base address is the
#     maximum limit for the native heap growth. Please use -XX:HeapBaseMinAddress
#     to set the Java Heap base and to place the Java Heap above 4GB virtual address.
# This output file may be truncated or incomplete.
#
#  Out of Memory Error (allocation.cpp:390), pid=10668, tid=0x00000000000029f4
#
# JRE version: Java(TM) SE Runtime Environment (8.0_201-b09) (build 1.8.0_201-b09)
# Java VM: Java HotSpot(TM) 64-Bit Server VM (25.201-b09 mixed mode windows-amd64 compressed oops)
# Failed to write core dump. Minidumps are not enabled by default on client versions of Windows
#

---------------  T H R E A D  ---------------

Current thread (0x00000000159cd000):  JavaThread "C2 CompilerThread1" daemon [_thread_in_native, id=10740, stack(0x0000000017100000,0x0000000017200000)]

Stack: [0x0000000017100000,0x0000000017200000]
[error occurred during error reporting (printing stack bounds), id 0xc0000005]

Native frames: (J=compiled Java code, j=interpreted, Vv=VM code, C=native code)


Current CompileTask:
C2:  78791 2185       4       java.net.URLClassLoader$1::run (5 bytes)


---------------  P R O C E S S  ---------------

Java Threads: ( => current thread )
  0x00000000181be000 JavaThread "Cache worker for journal cache (C:\Users\prabitha\.gradle\caches\journal-1)" [_thread_blocked, id=11124, stack(0x000000001c640000,0x000000001c740000)]
  0x00000000181bd800 JavaThread "Cache worker for file hash cache (F:\workspace\mobtally\.gradle\4.10.1\fileHashes)" [_thread_blocked, id=11108, stack(0x000000001c540000,0x000000001c640000)]
  0x00000000181bc800 JavaThread "File lock request listener" [_thread_in_native, id=11092, stack(0x000000001c800000,0x000000001c900000)]
  0x00000000181bc000 JavaThread "Cache worker for file hash cache (C:\Users\prabitha\.gradle\caches\4.10.1\fileHashes)" [_thread_blocked, id=11088, stack(0x000000001c920000,0x000000001ca20000)]
  0x00000000174d8800 JavaThread "Stdin handler" [_thread_blocked, id=11080, stack(0x000000001a2a0000,0x000000001a3a0000)]
  0x00000000174d7800 JavaThread "Asynchronous log dispatcher for DefaultDaemonConnection: socket connection from /127.0.0.1:64007 to /127.0.0.1:64010" [_thread_blocked, id=11076, stack(0x000000001a1a0000,0x000000001a2a0000)]
  0x0000000017cce000 JavaThread "Daemon worker" [_thread_in_Java, id=11064, stack(0x000000001a0a0000,0x000000001a1a0000)]
  0x0000000017ccd000 JavaThread "Cancel handler" [_thread_blocked, id=11052, stack(0x0000000019fa0000,0x000000001a0a0000)]
  0x0000000018a55800 JavaThread "Handler for socket connection from /127.0.0.1:64007 to /127.0.0.1:64010" [_thread_in_native, id=11032, stack(0x0000000019ca0000,0x0000000019da0000)]
  0x0000000018a54800 JavaThread "Daemon" [_thread_blocked, id=11028, stack(0x0000000019ba0000,0x0000000019ca0000)]
  0x00000000176c0800 JavaThread "Daemon periodic checks" [_thread_blocked, id=11012, stack(0x0000000019aa0000,0x0000000019ba0000)]
  0x00000000173aa800 JavaThread "Incoming local TCP Connector on port 64007" [_thread_in_native, id=11008, stack(0x00000000198b0000,0x00000000199b0000)]
  0x0000000018995800 JavaThread "Daemon health stats" [_thread_blocked, id=10780, stack(0x00000000190d0000,0x00000000191d0000)]
  0x0000000015a1b800 JavaThread "Service Thread" daemon [_thread_blocked, id=10748, stack(0x0000000017700000,0x0000000017800000)]
  0x00000000159e8000 JavaThread "C1 CompilerThread2" daemon [_thread_in_native_trans, id=10744, stack(0x0000000017200000,0x0000000017300000)]
=>0x00000000159cd000 JavaThread "C2 CompilerThread1" daemon [_thread_in_native, id=10740, stack(0x0000000017100000,0x0000000017200000)]
  0x00000000159c6800 JavaThread "C2 CompilerThread0" daemon [_thread_in_native, id=10736, stack(0x0000000017000000,0x0000000017100000)]
  0x00000000159c5000 JavaThread "Attach Listener" daemon [_thread_blocked, id=10732, stack(0x0000000016f00000,0x0000000017000000)]
  0x00000000159c4000 JavaThread "Signal Dispatcher" daemon [_thread_blocked, id=10728, stack(0x0000000016e00000,0x0000000016f00000)]
  0x000000000204c000 JavaThread "Finalizer" daemon [_thread_blocked, id=10724, stack(0x0000000016c20000,0x0000000016d20000)]
  0x00000000159aa800 JavaThread "Reference Handler" daemon [_thread_blocked, id=10720, stack(0x0000000016b20000,0x0000000016c20000)]
  0x0000000001d9d800 JavaThread "main" [_thread_blocked, id=10696, stack(0x0000000001e50000,0x0000000001f50000)]

Other Threads:
  0x0000000015987000 VMThread [stack: 0x0000000016a20000,0x0000000016b20000] [id=10716]
  0x0000000015a1e800 WatcherThread [stack: 0x0000000017800000,0x0000000017900000] [id=10752]

VM state:not at safepoint (normal execution)

VM Mutex/Monitor currently owned by a thread: None

heap address: 0x00000000a0000000, size: 1536 MB, Compressed Oops mode: 32-bit
Narrow klass base: 0x0000000000000000, Narrow klass shift: 3
Compressed class space size: 1073741824 Address: 0x0000000100000000

Heap:
 PSYoungGen      total 32768K, used 18908K [0x00000000e0000000, 0x00000000e3400000, 0x0000000100000000)
  eden space 23552K, 62% used [0x00000000e0000000,0x00000000e0e7bef0,0x00000000e1700000)
  from space 9216K, 44% used [0x00000000e1700000,0x00000000e1afb290,0x00000000e2000000)
  to   space 8704K, 0% used [0x00000000e2b80000,0x00000000e2b80000,0x00000000e3400000)
 ParOldGen       total 40448K, used 8587K [0x00000000a0000000, 0x00000000a2780000, 0x00000000e0000000)
  object space 40448K, 21% used [0x00000000a0000000,0x00000000a0862e10,0x00000000a2780000)
 Metaspace       used 27298K, capacity 27780K, committed 27904K, reserved 1073152K
  class space    used 3809K, capacity 4000K, committed 4096K, reserved 1048576K

Card table byte_map: [0x0000000011410000,0x0000000011720000] byte_map_base: 0x0000000010f10000

Marking Bits: (ParMarkBitMap*) 0x0000000056844ce0
 Begin Bits: [0x0000000011d20000, 0x0000000013520000)
 End Bits:   [0x0000000013520000, 0x0000000014d20000)

Polling page: 0x0000000000430000

CodeCache: size=245760Kb used=7838Kb max_used=7838Kb free=237921Kb
 bounds [0x0000000002050000, 0x0000000002800000, 0x0000000011050000]
 total_blobs=2772 nmethods=2104 adapters=580
 compilation: enabled

Compilation events (10 events):
Event: 78.714 Thread 0x00000000159e8000 nmethod 2294 0x00000000027e8c10 code [0x00000000027e8d60, 0x00000000027e8e90]
Event: 78.714 Thread 0x00000000159e8000 2295       3       org.codehaus.groovy.reflection.GroovyClassValuePreJava7$GroovyClassValuePreJava7Segment::createEntry (11 bytes)
Event: 78.716 Thread 0x00000000159e8000 nmethod 2295 0x00000000027e8f10 code [0x00000000027e9120, 0x00000000027e9b88]
Event: 78.716 Thread 0x00000000159e8000 2298   !   3       org.codehaus.groovy.util.AbstractConcurrentMap$Segment::put (380 bytes)
Event: 78.719 Thread 0x00000000159e8000 nmethod 2298 0x00000000027ea690 code [0x00000000027eaaa0, 0x00000000027ede78]
Event: 78.720 Thread 0x00000000159e8000 2296       3       org.codehaus.groovy.reflection.CachedClass$4::initValue (5 bytes)
Event: 78.720 Thread 0x00000000159e8000 nmethod 2296 0x00000000027ef5d0 code [0x00000000027ef740, 0x00000000027ef8e8]
Event: 78.720 Thread 0x00000000159e8000 2297       3       org.codehaus.groovy.reflection.CachedClass$4::initValue (63 bytes)
Event: 78.721 Thread 0x00000000159e8000 nmethod 2297 0x00000000027ef990 code [0x00000000027efbe0, 0x00000000027f0c28]
Event: 78.735 Thread 0x00000000159e8000 2300       3       java.util.concurrent.atomic.AtomicReferenceArray::checkedByteOffset (45 bytes)

GC Heap History (10 events):
Event: 73.732 GC heap before
{Heap before GC invocations=6 (full 0):
 PSYoungGen      total 28160K, used 28146K [0x00000000e0000000, 0x00000000e2880000, 0x0000000100000000)
  eden space 24064K, 100% used [0x00000000e0000000,0x00000000e1780000,0x00000000e1780000)
  from space 4096K, 99% used [0x00000000e1800000,0x00000000e1bfc868,0x00000000e1c00000)
  to   space 8704K, 0% used [0x00000000e2000000,0x00000000e2000000,0x00000000e2880000)
 ParOldGen       total 65536K, used 6969K [0x00000000a0000000, 0x00000000a4000000, 0x00000000e0000000)
  object space 65536K, 10% used [0x00000000a0000000,0x00000000a06ce5e0,0x00000000a4000000)
 Metaspace       used 18197K, capacity 18668K, committed 18816K, reserved 1064960K
  class space    used 2701K, capacity 2918K, committed 2944K, reserved 1048576K
Event: 73.761 GC heap after
Heap after GC invocations=6 (full 0):
 PSYoungGen      total 32256K, used 6694K [0x00000000e0000000, 0x00000000e2900000, 0x0000000100000000)
  eden space 23552K, 0% used [0x00000000e0000000,0x00000000e0000000,0x00000000e1700000)
  from space 8704K, 76% used [0x00000000e2000000,0x00000000e2689a38,0x00000000e2880000)
  to   space 9216K, 0% used [0x00000000e1700000,0x00000000e1700000,0x00000000e2000000)
 ParOldGen       total 65536K, used 6977K [0x00000000a0000000, 0x00000000a4000000, 0x00000000e0000000)
  object space 65536K, 10% used [0x00000000a0000000,0x00000000a06d05e0,0x00000000a4000000)
 Metaspace       used 18197K, capacity 18668K, committed 18816K, reserved 1064960K
  class space    used 2701K, capacity 2918K, committed 2944K, reserved 1048576K
}
Event: 75.024 GC heap before
{Heap before GC invocations=7 (full 0):
 PSYoungGen      total 32256K, used 24762K [0x00000000e0000000, 0x00000000e2900000, 0x0000000100000000)
  eden space 23552K, 76% used [0x00000000e0000000,0x00000000e11a4fd8,0x00000000e1700000)
  from space 8704K, 76% used [0x00000000e2000000,0x00000000e2689a38,0x00000000e2880000)
  to   space 9216K, 0% used [0x00000000e1700000,0x00000000e1700000,0x00000000e2000000)
 ParOldGen       total 65536K, used 6977K [0x00000000a0000000, 0x00000000a4000000, 0x00000000e0000000)
  object space 65536K, 10% used [0x00000000a0000000,0x00000000a06d05e0,0x00000000a4000000)
 Metaspace       used 20772K, capacity 21206K, committed 21296K, reserved 1067008K
  class space    used 2988K, capacity 3181K, committed 3200K, reserved 1048576K
Event: 75.051 GC heap after
Heap after GC invocations=7 (full 0):
 PSYoungGen      total 32768K, used 5885K [0x00000000e0000000, 0x00000000e2900000, 0x0000000100000000)
  eden space 23552K, 0% used [0x00000000e0000000,0x00000000e0000000,0x00000000e1700000)
  from space 9216K, 63% used [0x00000000e1700000,0x00000000e1cbf740,0x00000000e2000000)
  to   space 8704K, 0% used [0x00000000e2000000,0x00000000e2000000,0x00000000e2880000)
 ParOldGen       total 65536K, used 8692K [0x00000000a0000000, 0x00000000a4000000, 0x00000000e0000000)
  object space 65536K, 13% used [0x00000000a0000000,0x00000000a087d218,0x00000000a4000000)
 Metaspace       used 20772K, capacity 21206K, committed 21296K, reserved 1067008K
  class space    used 2988K, capacity 3181K, committed 3200K, reserved 1048576K
}
Event: 75.051 GC heap before
{Heap before GC invocations=8 (full 1):
 PSYoungGen      total 32768K, used 5885K [0x00000000e0000000, 0x00000000e2900000, 0x0000000100000000)
  eden space 23552K, 0% used [0x00000000e0000000,0x00000000e0000000,0x00000000e1700000)
  from space 9216K, 63% used [0x00000000e1700000,0x00000000e1cbf740,0x00000000e2000000)
  to   space 8704K, 0% used [0x00000000e2000000,0x00000000e2000000,0x00000000e2880000)
 ParOldGen       total 65536K, used 8692K [0x00000000a0000000, 0x00000000a4000000, 0x00000000e0000000)
  object space 65536K, 13% used [0x00000000a0000000,0x00000000a087d218,0x00000000a4000000)
 Metaspace       used 20772K, capacity 21206K, committed 21296K, reserved 1067008K
  class space    used 2988K, capacity 3181K, committed 3200K, reserved 1048576K
Event: 75.191 GC heap after
Heap after GC invocations=8 (full 1):
 PSYoungGen      total 32768K, used 0K [0x00000000e0000000, 0x00000000e2900000, 0x0000000100000000)
  eden space 23552K, 0% used [0x00000000e0000000,0x00000000e0000000,0x00000000e1700000)
  from space 9216K, 0% used [0x00000000e1700000,0x00000000e1700000,0x00000000e2000000)
  to   space 8704K, 0% used [0x00000000e2000000,0x00000000e2000000,0x00000000e2880000)
 ParOldGen       total 40448K, used 8571K [0x00000000a0000000, 0x00000000a2780000, 0x00000000e0000000)
  object space 40448K, 21% used [0x00000000a0000000,0x00000000a085ee10,0x00000000a2780000)
 Metaspace       used 20772K, capacity 21206K, committed 21296K, reserved 1067008K
  class space    used 2988K, capacity 3181K, committed 3200K, reserved 1048576K
}
Event: 77.462 GC heap before
{Heap before GC invocations=9 (full 1):
 PSYoungGen      total 32768K, used 23552K [0x00000000e0000000, 0x00000000e2900000, 0x0000000100000000)
  eden space 23552K, 100% used [0x00000000e0000000,0x00000000e1700000,0x00000000e1700000)
  from space 9216K, 0% used [0x00000000e1700000,0x00000000e1700000,0x00000000e2000000)
  to   space 8704K, 0% used [0x00000000e2000000,0x00000000e2000000,0x00000000e2880000)
 ParOldGen       total 40448K, used 8571K [0x00000000a0000000, 0x00000000a2780000, 0x00000000e0000000)
  object space 40448K, 21% used [0x00000000a0000000,0x00000000a085ee10,0x00000000a2780000)
 Metaspace       used 24071K, capacity 24544K, committed 24832K, reserved 1071104K
  class space    used 3379K, capacity 3541K, committed 3584K, reserved 1048576K
Event: 77.466 GC heap after
Heap after GC invocations=9 (full 1):
 PSYoungGen      total 32256K, used 2957K [0x00000000e0000000, 0x00000000e3c80000, 0x0000000100000000)
  eden space 23552K, 0% used [0x00000000e0000000,0x00000000e0000000,0x00000000e1700000)
  from space 8704K, 33% used [0x00000000e2000000,0x00000000e22e3508,0x00000000e2880000)
  to   space 9216K, 0% used [0x00000000e1700000,0x00000000e1700000,0x00000000e2000000)
 ParOldGen       total 40448K, used 8579K [0x00000000a0000000, 0x00000000a2780000, 0x00000000e0000000)
  object space 40448K, 21% used [0x00000000a0000000,0x00000000a0860e10,0x00000000a2780000)
 Metaspace       used 24071K, capacity 24544K, committed 24832K, reserved 1071104K
  class space    used 3379K, capacity 3541K, committed 3584K, reserved 1048576K
}
Event: 78.113 GC heap before
{Heap before GC invocations=10 (full 1):
 PSYoungGen      total 32256K, used 26509K [0x00000000e0000000, 0x00000000e3c80000, 0x0000000100000000)
  eden space 23552K, 100% used [0x00000000e0000000,0x00000000e1700000,0x00000000e1700000)
  from space 8704K, 33% used [0x00000000e2000000,0x00000000e22e3508,0x00000000e2880000)
  to   space 9216K, 0% used [0x00000000e1700000,0x00000000e1700000,0x00000000e2000000)
 ParOldGen       total 40448K, used 8579K [0x00000000a0000000, 0x00000000a2780000, 0x00000000e0000000)
  object space 40448K, 21% used [0x00000000a0000000,0x00000000a0860e10,0x00000000a2780000)
 Metaspace       used 26358K, capacity 26854K, committed 27008K, reserved 1073152K
  class space    used 3664K, capacity 3862K, committed 3968K, reserved 1048576K
Event: 78.120 GC heap after
Heap after GC invocations=10 (full 1):
 PSYoungGen      total 32768K, used 4076K [0x00000000e0000000, 0x00000000e3400000, 0x0000000100000000)
  eden space 23552K, 0% used [0x00000000e0000000,0x00000000e0000000,0x00000000e1700000)
  from space 9216K, 44% used [0x00000000e1700000,0x00000000e1afb290,0x00000000e2000000)
  to   space 8704K, 0% used [0x00000000e2b80000,0x00000000e2b80000,0x00000000e3400000)
 ParOldGen       total 40448K, used 8587K [0x00000000a0000000, 0x00000000a2780000, 0x00000000e0000000)
  object space 40448K, 21% used [0x00000000a0000000,0x00000000a0862e10,0x00000000a2780000)
 Metaspace       used 26358K, capacity 26854K, committed 27008K, reserved 1073152K
  class space    used 3664K, capacity 3862K, committed 3968K, reserved 1048576K
}

Deoptimization events (10 events):
Event: 76.937 Thread 0x0000000017cce000 Uncommon trap: reason=class_check action=maybe_recompile pc=0x00000000022df500 method=sun.misc.URLClassPath.getLoader(I)Lsun/misc/URLClassPath$Loader; @ 239
Event: 77.467 Thread 0x00000000159aa800 Uncommon trap: reason=unstable_if action=reinterpret pc=0x000000000258737c method=java.lang.ref.Reference.tryHandlePending(Z)Z @ 104
Event: 77.524 Thread 0x0000000017cce000 Uncommon trap: reason=unstable_if action=reinterpret pc=0x000000000216ec20 method=java.util.HashMap.hash(Ljava/lang/Object;)I @ 1
Event: 77.655 Thread 0x0000000017cce000 Uncommon trap: reason=unstable_if action=reinterpret pc=0x00000000022becf8 method=java.util.HashMap.getNode(ILjava/lang/Object;)Ljava/util/HashMap$Node; @ 53
Event: 77.655 Thread 0x0000000017cce000 Uncommon trap: reason=unstable_if action=reinterpret pc=0x00000000022d5e70 method=java.util.HashMap.hash(Ljava/lang/Object;)I @ 1
Event: 77.655 Thread 0x0000000017cce000 Uncommon trap: reason=unstable_if action=reinterpret pc=0x00000000024aae9c method=java.util.HashMap.putVal(ILjava/lang/Object;Ljava/lang/Object;ZZ)Ljava/lang/Object; @ 85
Event: 77.681 Thread 0x0000000017cce000 Uncommon trap: reason=unstable_if action=reinterpret pc=0x00000000023173f0 method=java.util.LinkedHashMap.afterNodeInsertion(Z)V @ 1
Event: 78.299 Thread 0x0000000017cce000 Uncommon trap: reason=class_check action=maybe_recompile pc=0x00000000022df2e4 method=sun.misc.URLClassPath.getLoader(I)Lsun/misc/URLClassPath$Loader; @ 94
Event: 78.321 Thread 0x0000000017cce000 Uncommon trap: reason=class_check action=maybe_recompile pc=0x000000000222f328 method=sun.misc.URLClassPath.getLoader(I)Lsun/misc/URLClassPath$Loader; @ 239
Event: 78.572 Thread 0x0000000017cce000 Uncommon trap: reason=unstable_if action=reinterpret pc=0x00000000022f70c8 method=java.io.WinNTFileSystem.resolve(Ljava/lang/String;Ljava/lang/String;)Ljava/lang/String; @ 49

Classes redefined (0 events):
No events

Internal exceptions (10 events):
Event: 78.529 Thread 0x0000000017cce000 Exception <a 'java/lang/ClassNotFoundException': org/gradle/api/internal/initialization/DefaultScriptHandlerCustomizer> (0x00000000e06ff9d0) thrown at [C:\re\workspace\8-2-build-windows-amd64-cygwin\jdk8u201\12322\hotspot\src\share\vm\classfile\systemDict
Event: 78.726 Thread 0x0000000017cce000 Exception <a 'java/lang/ClassNotFoundException': org/gradle/api/internal/artifacts/dsl/DefaultRepositoryHandler_DecoratedBeanInfo> (0x00000000e0c09d68) thrown at [C:\re\workspace\8-2-build-windows-amd64-cygwin\jdk8u201\12322\hotspot\src\share\vm\classfile
Event: 78.727 Thread 0x0000000017cce000 Exception <a 'java/lang/ClassNotFoundException': org/gradle/api/internal/artifacts/dsl/DefaultRepositoryHandlerBeanInfo> (0x00000000e0c518d8) thrown at [C:\re\workspace\8-2-build-windows-amd64-cygwin\jdk8u201\12322\hotspot\src\share\vm\classfile\systemDic
Event: 78.728 Thread 0x0000000017cce000 Exception <a 'java/lang/ClassNotFoundException': org/gradle/api/internal/artifacts/DefaultArtifactRepositoryContainerBeanInfo> (0x00000000e0c9e1d0) thrown at [C:\re\workspace\8-2-build-windows-amd64-cygwin\jdk8u201\12322\hotspot\src\share\vm\classfile\sys
Event: 78.729 Thread 0x0000000017cce000 Exception <a 'java/lang/ClassNotFoundException': org/gradle/api/internal/DefaultNamedDomainObjectListBeanInfo> (0x00000000e0ccc250) thrown at [C:\re\workspace\8-2-build-windows-amd64-cygwin\jdk8u201\12322\hotspot\src\share\vm\classfile\systemDictionary.cp
Event: 78.731 Thread 0x0000000017cce000 Exception <a 'java/lang/ClassNotFoundException': org/gradle/api/internal/DefaultNamedDomainObjectCollectionBeanInfo> (0x00000000e0cfc138) thrown at [C:\re\workspace\8-2-build-windows-amd64-cygwin\jdk8u201\12322\hotspot\src\share\vm\classfile\systemDiction
Event: 78.732 Thread 0x0000000017cce000 Exception <a 'java/lang/ClassNotFoundException': org/gradle/api/internal/DefaultDomainObjectCollectionBeanInfo> (0x00000000e0d2ab80) thrown at [C:\re\workspace\8-2-build-windows-amd64-cygwin\jdk8u201\12322\hotspot\src\share\vm\classfile\systemDictionary.c
Event: 78.732 Thread 0x0000000017cce000 Exception <a 'java/lang/ClassNotFoundException': java/util/AbstractCollectionBeanInfo> (0x00000000e0d2eb88) thrown at [C:\re\workspace\8-2-build-windows-amd64-cygwin\jdk8u201\12322\hotspot\src\share\vm\classfile\systemDictionary.cpp, line 210]
Event: 78.732 Thread 0x0000000017cce000 Exception <a 'java/lang/ClassNotFoundException': java/util/AbstractCollectionCustomizer> (0x00000000e0d32ba0) thrown at [C:\re\workspace\8-2-build-windows-amd64-cygwin\jdk8u201\12322\hotspot\src\share\vm\classfile\systemDictionary.cpp, line 210]
Event: 78.736 Thread 0x0000000017cce000 Exception <a 'java/lang/ClassNotFoundException': org/gradle/api/internal/DefaultDomainObjectCollectionCustomizer> (0x00000000e0d6e8c0) thrown at [C:\re\workspace\8-2-build-windows-amd64-cygwin\jdk8u201\12322\hotspot\src\share\vm\classfile\systemDictionary

Events (10 events):
Event: 78.733 loading class sun/reflect/generics/reflectiveObjects/GenericArrayTypeImpl
Event: 78.733 loading class sun/reflect/generics/reflectiveObjects/GenericArrayTypeImpl done
Event: 78.734 loading class org/gradle/api/internal/DefaultDomainObjectCollectionCustomizer
Event: 78.734 loading class org/gradle/api/internal/DefaultDomainObjectCollectionCustomizer done
Event: 78.735 loading class org/gradle/api/internal/DefaultDomainObjectCollectionCustomizer
Event: 78.735 loading class org/gradle/api/internal/DefaultDomainObjectCollectionCustomizer done
Event: 78.735 loading class org/gradle/api/internal/DefaultDomainObjectCollectionCustomizer
Event: 78.735 loading class org/gradle/api/internal/DefaultDomainObjectCollectionCustomizer done
Event: 78.736 loading class org/gradle/api/internal/DefaultDomainObjectCollectionCustomizer
Event: 78.736 loading class org/gradle/api/internal/DefaultDomainObjectCollectionCustomizer done


Dynamic libraries:
0x00007ff614890000 - 0x00007ff6148c7000 	C:\Program Files\Java\jdk1.8.0_201\bin\java.exe
0x00007ffdf3340000 - 0x00007ffdf34ed000 	C:\Windows\SYSTEM32\ntdll.dll
0x00007ffdf0d00000 - 0x00007ffdf0e3f000 	C:\Windows\system32\KERNEL32.DLL
0x00007ffdf0830000 - 0x00007ffdf0946000 	C:\Windows\system32\KERNELBASE.dll
0x00007ffdeee70000 - 0x00007ffdeeefe000 	C:\Windows\system32\apphelp.dll
0x00007ffdc7ad0000 - 0x00007ffdc7b25000 	C:\Windows\AppPatch\AppPatch64\AcGenral.DLL
0x00007ffdf2f80000 - 0x00007ffdf302a000 	C:\Windows\system32\msvcrt.dll
0x00007ffdf0950000 - 0x00007ffdf097e000 	C:\Windows\system32\SspiCli.dll
0x00007ffdf32c0000 - 0x00007ffdf3314000 	C:\Windows\system32\SHLWAPI.dll
0x00007ffdf2e00000 - 0x00007ffdf2f77000 	C:\Windows\system32\USER32.dll
0x00007ffdf09d0000 - 0x00007ffdf0b64000 	C:\Windows\system32\ole32.dll
0x00007ffdf1520000 - 0x00007ffdf2a4b000 	C:\Windows\system32\SHELL32.dll
0x00007ffdefa30000 - 0x00007ffdefa51000 	C:\Windows\SYSTEM32\USERENV.dll
0x00007ffdf1470000 - 0x00007ffdf151a000 	C:\Windows\system32\ADVAPI32.dll
0x00007ffde9a20000 - 0x00007ffde9a3e000 	C:\Windows\SYSTEM32\MPR.dll
0x00007ffdf2c70000 - 0x00007ffdf2db0000 	C:\Windows\system32\RPCRT4.dll
0x00007ffdf2ab0000 - 0x00007ffdf2b09000 	C:\Windows\SYSTEM32\sechost.dll
0x00007ffdf0eb0000 - 0x00007ffdf10c0000 	C:\Windows\SYSTEM32\combase.dll
0x00007ffdf2b10000 - 0x00007ffdf2c5c000 	C:\Windows\system32\GDI32.dll
0x00007ffdf0470000 - 0x00007ffdf0485000 	C:\Windows\SYSTEM32\profapi.dll
0x00007ffdee600000 - 0x00007ffdee6b2000 	C:\Windows\SYSTEM32\SHCORE.dll
0x00007ffdf2db0000 - 0x00007ffdf2de6000 	C:\Windows\system32\IMM32.DLL
0x00007ffdf1310000 - 0x00007ffdf1462000 	C:\Windows\system32\MSCTF.dll
0x00007ffdeddb0000 - 0x00007ffdee02b000 	C:\Windows\WinSxS\amd64_microsoft.windows.common-controls_6595b64144ccf1df_6.0.9600.19394_none_62486577ecb635cf\COMCTL32.dll
0x00000000568d0000 - 0x00000000569a1000 	C:\Program Files\Java\jdk1.8.0_201\jre\bin\msvcr100.dll
0x0000000056020000 - 0x00000000568c4000 	C:\Program Files\Java\jdk1.8.0_201\jre\bin\server\jvm.dll
0x00007ffddc530000 - 0x00007ffddc539000 	C:\Windows\SYSTEM32\WSOCK32.dll
0x00007ffde20c0000 - 0x00007ffde20e2000 	C:\Windows\SYSTEM32\WINMM.dll
0x00007ffde18a0000 - 0x00007ffde18aa000 	C:\Windows\SYSTEM32\VERSION.dll
0x00007ffdf31f0000 - 0x00007ffdf31f7000 	C:\Windows\system32\PSAPI.DLL
0x00007ffdf2a50000 - 0x00007ffdf2aaa000 	C:\Windows\system32\WS2_32.dll
0x00007ffde2090000 - 0x00007ffde20ba000 	C:\Windows\SYSTEM32\WINMMBASE.dll
0x00007ffdf2df0000 - 0x00007ffdf2df9000 	C:\Windows\system32\NSI.dll
0x00007ffdf0980000 - 0x00007ffdf09cf000 	C:\Windows\SYSTEM32\cfgmgr32.dll
0x00007ffdef280000 - 0x00007ffdef2a8000 	C:\Windows\SYSTEM32\DEVOBJ.dll
0x00007ffddd3b0000 - 0x00007ffddd3bf000 	C:\Program Files\Java\jdk1.8.0_201\jre\bin\verify.dll
0x00007ffdc8a10000 - 0x00007ffdc8a39000 	C:\Program Files\Java\jdk1.8.0_201\jre\bin\java.dll
0x00007ffdd5f10000 - 0x00007ffdd5f26000 	C:\Program Files\Java\jdk1.8.0_201\jre\bin\zip.dll
0x00007ffdc82d0000 - 0x00007ffdc82ea000 	C:\Program Files\Java\jdk1.8.0_201\jre\bin\net.dll
0x00007ffde9f40000 - 0x00007ffdea0ca000 	C:\Windows\SYSTEM32\urlmon.dll
0x00007ffde8d60000 - 0x00007ffde902c000 	C:\Windows\SYSTEM32\iertutil.dll
0x00007ffde9080000 - 0x00007ffde952c000 	C:\Windows\SYSTEM32\WININET.dll
0x00007ffdefca0000 - 0x00007ffdefcf9000 	C:\Windows\system32\mswsock.dll
0x00007ffdc82b0000 - 0x00007ffdc82c1000 	C:\Program Files\Java\jdk1.8.0_201\jre\bin\nio.dll
0x00007ffddcb10000 - 0x00007ffddcb2e000 	C:\Users\prabitha\.gradle\native\25\windows-amd64\native-platform.dll
0x00007ffddcec0000 - 0x00007ffddcecd000 	C:\Program Files\Java\jdk1.8.0_201\jre\bin\management.dll
0x00007ffdefd00000 - 0x00007ffdefd20000 	C:\Windows\SYSTEM32\CRYPTSP.dll
0x00007ffdef920000 - 0x00007ffdef956000 	C:\Windows\system32\rsaenh.dll
0x00007ffdeff50000 - 0x00007ffdeff76000 	C:\Windows\SYSTEM32\bcrypt.dll
0x00007ffdf02d0000 - 0x00007ffdf0333000 	C:\Windows\system32\bcryptprimitives.dll
0x00007ffdf0340000 - 0x00007ffdf034b000 	C:\Windows\SYSTEM32\CRYPTBASE.dll
0x00007ffdeb770000 - 0x00007ffdeb79a000 	C:\Windows\SYSTEM32\IPHLPAPI.DLL
0x00007ffdeb750000 - 0x00007ffdeb75a000 	C:\Windows\SYSTEM32\WINNSI.DLL
0x00007ffdeafe0000 - 0x00007ffdeaff6000 	C:\Windows\SYSTEM32\dhcpcsvc6.DLL
0x00007ffdeafc0000 - 0x00007ffdeafda000 	C:\Windows\SYSTEM32\dhcpcsvc.DLL

VM Arguments:
jvm_args: -Xmx1536m -Dfile.encoding=windows-1252 -Duser.country=US -Duser.language=en -Duser.variant 
java_command: org.gradle.launcher.daemon.bootstrap.GradleDaemon 4.10.1
java_class_path (initial): C:\Users\prabitha\.gradle\wrapper\dists\gradle-4.10.1-all\455itskqi2qtf0v2sja68alqd\gradle-4.10.1\lib\gradle-launcher-4.10.1.jar
Launcher Type: SUN_STANDARD

Environment Variables:
PATH=C:\Program Files (x86)\Common Files\Oracle\Java\javapath;C:\Windows\system32;C:\Windows;C:\Windows\System32\Wbem;C:\Windows\System32\WindowsPowerShell\v1.0\;C:\Program Files\dotnet\;C:\Program Files\Microsoft SQL Server\130\Tools\Binn\;C:\Program Files\Microsoft SQL Server\Client SDK\ODBC\130\Tools\Binn\;C:\Program Files (x86)\Microsoft SQL Server\140\Tools\Binn\;C:\Program Files\Microsoft SQL Server\140\Tools\Binn\;C:\Program Files\Microsoft SQL Server\140\DTS\Binn\;C:\Program Files (x86)\Microsoft SQL Server\150\DTS\Binn\;C:\Program Files\MySQL\MySQL Shell 8.0\bin\
USERNAME=prabitha
OS=Windows_NT
PROCESSOR_IDENTIFIER=Intel64 Family 6 Model 42 Stepping 7, GenuineIntel



---------------  S Y S T E M  ---------------

OS: Windows 8.1 , 64 bit Build 9600 (6.3.9600.19538)

CPU:total 4 (initial active 4) (2 cores per cpu, 2 threads per core) family 6 model 42 stepping 7, cmov, cx8, fxsr, mmx, sse, sse2, sse3, ssse3, sse4.1, sse4.2, popcnt, avx, clmul, ht, tsc, tscinvbit

Memory: 4k page, physical 6165788k(768692k free), swap 9311516k(6412k free)

vm_info: Java HotSpot(TM) 64-Bit Server VM (25.201-b09) for windows-amd64 JRE (1.8.0_201-b09), built on Dec 15 2018 18:36:39 by "java_re" with MS VC++ 10.0 (VS2010)

time: Thu Dec 19 08:13:07 2019
timezone: India Standard Time
elapsed time: 78 seconds (0d 0h 1m 18s)

