#
# There is insufficient memory for the Java Runtime Environment to continue.
# Native memory allocation (malloc) failed to allocate 131088 bytes for Chunk::new
# Possible reasons:
#   The system is out of physical RAM or swap space
#   In 32 bit mode, the process size limit was hit
# Possible solutions:
#   Reduce memory load on the system
#   Increase physical memory or swap space
#   Check if swap backing store is full
#   Use 64 bit Java on a 64 bit OS
#   Decrease Java heap size (-Xmx/-Xms)
#   Decrease number of Java threads
#   Decrease Java thread stack sizes (-Xss)
#   Set larger code cache with -XX:ReservedCodeCacheSize=
# This output file may be truncated or incomplete.
#
#  Out of Memory Error (allocation.cpp:390), pid=25260, tid=0x0000000000000534
#
# JRE version: OpenJDK Runtime Environment (8.0_152-b01) (build 1.8.0_152-release-1248-b01)
# Java VM: OpenJDK 64-Bit Server VM (25.152-b01 mixed mode windows-amd64 compressed oops)
# Failed to write core dump. Minidumps are not enabled by default on client versions of Windows
#

---------------  T H R E A D  ---------------

Current thread (0x00000000163f9000):  JavaThread "C2 CompilerThread0" daemon [_thread_in_native, id=1332, stack(0x0000000017a40000,0x0000000017b40000)]

Stack: [0x0000000017a40000,0x0000000017b40000]
[error occurred during error reporting (printing stack bounds), id 0xc0000005]

Native frames: (J=compiled Java code, j=interpreted, Vv=VM code, C=native code)


Current CompileTask:
C2:  17810 5893   !   4       java.io.ObjectOutputStream::writeObject0 (619 bytes)


---------------  P R O C E S S  ---------------

Java Threads: ( => current thread )
  0x0000000018ade800 JavaThread "Cache worker for Build Output Cleanup Cache (F:\workspace\mobtally\.gradle\buildOutputCleanup)" [_thread_blocked, id=22784, stack(0x0000000022620000,0x0000000022720000)]
  0x0000000018ae0000 JavaThread "Cache worker for task history cache (F:\workspace\mobtally\.gradle\4.10.1\taskHistory)" [_thread_blocked, id=26876, stack(0x0000000022520000,0x0000000022620000)]
  0x000000001af56800 JavaThread "Task worker for ':' Thread 3" [_thread_blocked, id=35308, stack(0x0000000022420000,0x0000000022520000)]
  0x000000001af56000 JavaThread "Task worker for ':' Thread 2" [_thread_blocked, id=35248, stack(0x0000000022320000,0x0000000022420000)]
  0x000000001af59000 JavaThread "Task worker for ':'" [_thread_blocked, id=34308, stack(0x0000000022220000,0x0000000022320000)]
  0x000000001af58000 JavaThread "Cache worker for file content cache (F:\workspace\mobtally\.gradle\4.10.1\fileContent)" [_thread_blocked, id=18440, stack(0x0000000022120000,0x0000000022220000)]
  0x000000001af57800 JavaThread "Cache worker for file content cache (C:\Users\prabitha\.gradle\caches\4.10.1\fileContent)" [_thread_blocked, id=18648, stack(0x0000000020d80000,0x0000000020e80000)]
  0x000000001af52000 JavaThread "Memory manager" [_thread_blocked, id=12192, stack(0x0000000020640000,0x0000000020740000)]
  0x000000001af54800 JavaThread "Build operations Thread 4" [_thread_blocked, id=43668, stack(0x0000000020540000,0x0000000020640000)]
  0x000000001af53800 JavaThread "Build operations Thread 3" [_thread_blocked, id=20940, stack(0x0000000020440000,0x0000000020540000)]
  0x000000001998f800 JavaThread "Build operations Thread 2" [_thread_blocked, id=22572, stack(0x0000000020340000,0x0000000020440000)]
  0x000000001998e800 JavaThread "Build operations" [_thread_blocked, id=24584, stack(0x0000000020240000,0x0000000020340000)]
  0x0000000019991800 JavaThread "Cache worker for Artifact transforms cache (C:\Users\prabitha\.gradle\caches\transforms-1)" [_thread_blocked, id=46748, stack(0x000000001fce0000,0x000000001fde0000)]
  0x0000000019991000 JavaThread "Cache worker for cache directory md-rule (C:\Users\prabitha\.gradle\caches\4.10.1\md-rule)" [_thread_blocked, id=14988, stack(0x000000001fbe0000,0x000000001fce0000)]
  0x0000000019990000 JavaThread "Cache worker for cache directory md-supplier (C:\Users\prabitha\.gradle\caches\4.10.1\md-supplier)" [_thread_blocked, id=13820, stack(0x000000001e250000,0x000000001e350000)]
  0x000000001998c800 JavaThread "Cache worker for journal cache (C:\Users\prabitha\.gradle\caches\journal-1)" [_thread_blocked, id=13672, stack(0x000000001cf80000,0x000000001d080000)]
  0x000000001998b800 JavaThread "Cache worker for file hash cache (F:\workspace\mobtally\.gradle\4.10.1\fileHashes)" [_thread_blocked, id=4920, stack(0x000000001beb0000,0x000000001bfb0000)]
  0x000000001add5800 JavaThread "File lock request listener" [_thread_in_native, id=9860, stack(0x000000001bdb0000,0x000000001beb0000)]
  0x00000000197a0800 JavaThread "Cache worker for file hash cache (C:\Users\prabitha\.gradle\caches\4.10.1\fileHashes)" [_thread_blocked, id=27820, stack(0x000000001bcb0000,0x000000001bdb0000)]
  0x0000000019397800 JavaThread "Stdin handler" [_thread_blocked, id=44996, stack(0x000000001a9e0000,0x000000001aae0000)]
  0x0000000019440000 JavaThread "Asynchronous log dispatcher for DefaultDaemonConnection: socket connection from /127.0.0.1:52262 to /127.0.0.1:52263" [_thread_blocked, id=15516, stack(0x000000001a8e0000,0x000000001a9e0000)]
  0x00000000193c8000 JavaThread "Daemon worker" [_thread_blocked, id=10988, stack(0x000000001a5e0000,0x000000001a6e0000)]
  0x00000000193c6800 JavaThread "Cancel handler" [_thread_blocked, id=12840, stack(0x000000001a4e0000,0x000000001a5e0000)]
  0x00000000193b5800 JavaThread "Handler for socket connection from /127.0.0.1:52262 to /127.0.0.1:52263" [_thread_in_native, id=20332, stack(0x000000001a3e0000,0x000000001a4e0000)]
  0x00000000193b1000 JavaThread "Daemon" [_thread_blocked, id=32880, stack(0x000000001a2e0000,0x000000001a3e0000)]
  0x000000001934d000 JavaThread "Daemon periodic checks" [_thread_blocked, id=40172, stack(0x000000001a1e0000,0x000000001a2e0000)]
  0x0000000019179800 JavaThread "Incoming local TCP Connector on port 52262" [_thread_in_native, id=45880, stack(0x0000000019ff0000,0x000000001a0f0000)]
  0x000000001645e000 JavaThread "Service Thread" daemon [_thread_blocked, id=25300, stack(0x0000000018140000,0x0000000018240000)]
  0x0000000016402800 JavaThread "C1 CompilerThread2" daemon [_thread_blocked, id=33968, stack(0x0000000017c40000,0x0000000017d40000)]
  0x00000000163fb800 JavaThread "C2 CompilerThread1" daemon [_thread_in_native, id=22300, stack(0x0000000017b40000,0x0000000017c40000)]
=>0x00000000163f9000 JavaThread "C2 CompilerThread0" daemon [_thread_in_native, id=1332, stack(0x0000000017a40000,0x0000000017b40000)]
  0x0000000016407000 JavaThread "Attach Listener" daemon [_thread_blocked, id=45028, stack(0x0000000017940000,0x0000000017a40000)]
  0x0000000016406000 JavaThread "Signal Dispatcher" daemon [_thread_blocked, id=24088, stack(0x0000000017840000,0x0000000017940000)]
  0x0000000002a8c800 JavaThread "Finalizer" daemon [_thread_blocked, id=5280, stack(0x0000000017660000,0x0000000017760000)]
  0x0000000002a83000 JavaThread "Reference Handler" daemon [_thread_blocked, id=37948, stack(0x0000000017560000,0x0000000017660000)]
  0x000000000283d800 JavaThread "main" [_thread_blocked, id=46752, stack(0x0000000002890000,0x0000000002990000)]

Other Threads:
  0x00000000163c4800 VMThread [stack: 0x0000000017460000,0x0000000017560000] [id=26948]
  0x0000000017d61800 WatcherThread [stack: 0x0000000018240000,0x0000000018340000] [id=36712]

VM state:not at safepoint (normal execution)

VM Mutex/Monitor currently owned by a thread: None

Heap:
 PSYoungGen      total 143360K, used 10572K [0x00000000e0000000, 0x00000000eba00000, 0x0000000100000000)
  eden space 130048K, 8% used [0x00000000e0000000,0x00000000e0a532e0,0x00000000e7f00000)
  from space 13312K, 0% used [0x00000000e7f00000,0x00000000e7f00000,0x00000000e8c00000)
  to   space 13824K, 0% used [0x00000000eac80000,0x00000000eac80000,0x00000000eba00000)
 ParOldGen       total 112128K, used 31621K [0x00000000a0000000, 0x00000000a6d80000, 0x00000000e0000000)
  object space 112128K, 28% used [0x00000000a0000000,0x00000000a1ee17b0,0x00000000a6d80000)
 Metaspace       used 58086K, capacity 59582K, committed 59824K, reserved 1101824K
  class space    used 7927K, capacity 8364K, committed 8368K, reserved 1048576K

Card table byte_map: [0x0000000011e50000,0x0000000012160000] byte_map_base: 0x0000000011950000

Marking Bits: (ParMarkBitMap*) 0x000000006deb5aa0
 Begin Bits: [0x0000000012760000, 0x0000000013f60000)
 End Bits:   [0x0000000013f60000, 0x0000000015760000)

Polling page: 0x0000000002760000

CodeCache: size=245760Kb used=18564Kb max_used=18564Kb free=227195Kb
 bounds [0x0000000002a90000, 0x0000000003cc0000, 0x0000000011a90000]
 total_blobs=6397 nmethods=5611 adapters=699
 compilation: enabled

Compilation events (10 events):
Event: 17.776 Thread 0x0000000016402800 5955       3       java.util.ArrayList::fastRemove (57 bytes)
Event: 17.776 Thread 0x0000000016402800 nmethod 5955 0x0000000003cbb210 code [0x0000000003cbb380, 0x0000000003cbb768]
Event: 17.777 Thread 0x0000000016402800 5956       3       org.gradle.caching.internal.DefaultBuildCacheHasher::putHash (25 bytes)
Event: 17.779 Thread 0x0000000016402800 nmethod 5956 0x0000000003cbb8d0 code [0x0000000003cbbb00, 0x0000000003cbc758]
Event: 17.782 Thread 0x0000000016402800 5957       3       org.gradle.internal.operations.DefaultBuildOperationExecutor$RunnableBuildOperationWorker::execute (10 bytes)
Event: 17.783 Thread 0x0000000016402800 nmethod 5957 0x0000000003cbcfd0 code [0x0000000003cbd140, 0x0000000003cbd4e8]
Event: 17.786 Thread 0x0000000016402800 5958       1       org.gradle.internal.operations.DefaultBuildOperationQueue::access$200 (5 bytes)
Event: 17.786 Thread 0x0000000016402800 nmethod 5958 0x0000000003cbd610 code [0x0000000003cbd760, 0x0000000003cbd850]
Event: 17.789 Thread 0x0000000016402800 5959       3       sun.nio.fs.WindowsFileAttributes::isDirectory (25 bytes)
Event: 17.790 Thread 0x0000000016402800 nmethod 5959 0x0000000003cbd8d0 code [0x0000000003cbda40, 0x0000000003cbdcf0]

GC Heap History (10 events):
Event: 9.953 GC heap before
{Heap before GC invocations=12 (full 2):
 PSYoungGen      total 112128K, used 7482K [0x00000000e0000000, 0x00000000e8d00000, 0x0000000100000000)
  eden space 102912K, 0% used [0x00000000e0000000,0x00000000e0000000,0x00000000e6480000)
  from space 9216K, 81% used [0x00000000e6e00000,0x00000000e754e9e8,0x00000000e7700000)
  to   space 9728K, 0% used [0x00000000e6480000,0x00000000e6480000,0x00000000e6e00000)
 ParOldGen       total 46080K, used 10637K [0x00000000a0000000, 0x00000000a2d00000, 0x00000000e0000000)
  object space 46080K, 23% used [0x00000000a0000000,0x00000000a0a63658,0x00000000a2d00000)
 Metaspace       used 34754K, capacity 35314K, committed 35496K, reserved 1079296K
  class space    used 4844K, capacity 5061K, committed 5168K, reserved 1048576K
Event: 10.078 GC heap after
Heap after GC invocations=12 (full 2):
 PSYoungGen      total 112128K, used 0K [0x00000000e0000000, 0x00000000e8d00000, 0x0000000100000000)
  eden space 102912K, 0% used [0x00000000e0000000,0x00000000e0000000,0x00000000e6480000)
  from space 9216K, 0% used [0x00000000e6e00000,0x00000000e6e00000,0x00000000e7700000)
  to   space 9728K, 0% used [0x00000000e6480000,0x00000000e6480000,0x00000000e6e00000)
 ParOldGen       total 72192K, used 16453K [0x00000000a0000000, 0x00000000a4680000, 0x00000000e0000000)
  object space 72192K, 22% used [0x00000000a0000000,0x00000000a1011470,0x00000000a4680000)
 Metaspace       used 34754K, capacity 35314K, committed 35496K, reserved 1079296K
  class space    used 4844K, capacity 5061K, committed 5168K, reserved 1048576K
}
Event: 12.674 GC heap before
{Heap before GC invocations=13 (full 2):
 PSYoungGen      total 112128K, used 102912K [0x00000000e0000000, 0x00000000e8d00000, 0x0000000100000000)
  eden space 102912K, 100% used [0x00000000e0000000,0x00000000e6480000,0x00000000e6480000)
  from space 9216K, 0% used [0x00000000e6e00000,0x00000000e6e00000,0x00000000e7700000)
  to   space 9728K, 0% used [0x00000000e6480000,0x00000000e6480000,0x00000000e6e00000)
 ParOldGen       total 72192K, used 16453K [0x00000000a0000000, 0x00000000a4680000, 0x00000000e0000000)
  object space 72192K, 22% used [0x00000000a0000000,0x00000000a1011470,0x00000000a4680000)
 Metaspace       used 43757K, capacity 44466K, committed 44720K, reserved 1087488K
  class space    used 5950K, capacity 6216K, committed 6320K, reserved 1048576K
Event: 12.710 GC heap after
Heap after GC invocations=13 (full 2):
 PSYoungGen      total 112640K, used 9724K [0x00000000e0000000, 0x00000000e9900000, 0x0000000100000000)
  eden space 102912K, 0% used [0x00000000e0000000,0x00000000e0000000,0x00000000e6480000)
  from space 9728K, 99% used [0x00000000e6480000,0x00000000e6dff198,0x00000000e6e00000)
  to   space 12800K, 0% used [0x00000000e8c80000,0x00000000e8c80000,0x00000000e9900000)
 ParOldGen       total 72192K, used 21639K [0x00000000a0000000, 0x00000000a4680000, 0x00000000e0000000)
  object space 72192K, 29% used [0x00000000a0000000,0x00000000a1521f90,0x00000000a4680000)
 Metaspace       used 43757K, capacity 44466K, committed 44720K, reserved 1087488K
  class space    used 5950K, capacity 6216K, committed 6320K, reserved 1048576K
}
Event: 15.152 GC heap before
{Heap before GC invocations=14 (full 2):
 PSYoungGen      total 112640K, used 112636K [0x00000000e0000000, 0x00000000e9900000, 0x0000000100000000)
  eden space 102912K, 100% used [0x00000000e0000000,0x00000000e6480000,0x00000000e6480000)
  from space 9728K, 99% used [0x00000000e6480000,0x00000000e6dff198,0x00000000e6e00000)
  to   space 12800K, 0% used [0x00000000e8c80000,0x00000000e8c80000,0x00000000e9900000)
 ParOldGen       total 72192K, used 21639K [0x00000000a0000000, 0x00000000a4680000, 0x00000000e0000000)
  object space 72192K, 29% used [0x00000000a0000000,0x00000000a1521f90,0x00000000a4680000)
 Metaspace       used 53380K, capacity 54450K, committed 54704K, reserved 1095680K
  class space    used 7218K, capacity 7528K, committed 7600K, reserved 1048576K
Event: 15.182 GC heap after
Heap after GC invocations=14 (full 2):
 PSYoungGen      total 142848K, used 10429K [0x00000000e0000000, 0x00000000e9900000, 0x0000000100000000)
  eden space 130048K, 0% used [0x00000000e0000000,0x00000000e0000000,0x00000000e7f00000)
  from space 12800K, 81% used [0x00000000e8c80000,0x00000000e96af6d8,0x00000000e9900000)
  to   space 13312K, 0% used [0x00000000e7f00000,0x00000000e7f00000,0x00000000e8c00000)
 ParOldGen       total 72192K, used 29654K [0x00000000a0000000, 0x00000000a4680000, 0x00000000e0000000)
  object space 72192K, 41% used [0x00000000a0000000,0x00000000a1cf5958,0x00000000a4680000)
 Metaspace       used 53380K, capacity 54450K, committed 54704K, reserved 1095680K
  class space    used 7218K, capacity 7528K, committed 7600K, reserved 1048576K
}
Event: 17.033 GC heap before
{Heap before GC invocations=15 (full 2):
 PSYoungGen      total 142848K, used 70799K [0x00000000e0000000, 0x00000000e9900000, 0x0000000100000000)
  eden space 130048K, 46% used [0x00000000e0000000,0x00000000e3af4570,0x00000000e7f00000)
  from space 12800K, 81% used [0x00000000e8c80000,0x00000000e96af6d8,0x00000000e9900000)
  to   space 13312K, 0% used [0x00000000e7f00000,0x00000000e7f00000,0x00000000e8c00000)
 ParOldGen       total 72192K, used 29654K [0x00000000a0000000, 0x00000000a4680000, 0x00000000e0000000)
  object space 72192K, 41% used [0x00000000a0000000,0x00000000a1cf5958,0x00000000a4680000)
 Metaspace       used 57506K, capacity 59008K, committed 59160K, reserved 1099776K
  class space    used 7851K, capacity 8263K, committed 8368K, reserved 1048576K
Event: 17.056 GC heap after
Heap after GC invocations=15 (full 2):
 PSYoungGen      total 143360K, used 10259K [0x00000000e0000000, 0x00000000eba00000, 0x0000000100000000)
  eden space 130048K, 0% used [0x00000000e0000000,0x00000000e0000000,0x00000000e7f00000)
  from space 13312K, 77% used [0x00000000e7f00000,0x00000000e8904e38,0x00000000e8c00000)
  to   space 13824K, 0% used [0x00000000eac80000,0x00000000eac80000,0x00000000eba00000)
 ParOldGen       total 72192K, used 29662K [0x00000000a0000000, 0x00000000a4680000, 0x00000000e0000000)
  object space 72192K, 41% used [0x00000000a0000000,0x00000000a1cf7958,0x00000000a4680000)
 Metaspace       used 57506K, capacity 59008K, committed 59160K, reserved 1099776K
  class space    used 7851K, capacity 8263K, committed 8368K, reserved 1048576K
}
Event: 17.056 GC heap before
{Heap before GC invocations=16 (full 3):
 PSYoungGen      total 143360K, used 10259K [0x00000000e0000000, 0x00000000eba00000, 0x0000000100000000)
  eden space 130048K, 0% used [0x00000000e0000000,0x00000000e0000000,0x00000000e7f00000)
  from space 13312K, 77% used [0x00000000e7f00000,0x00000000e8904e38,0x00000000e8c00000)
  to   space 13824K, 0% used [0x00000000eac80000,0x00000000eac80000,0x00000000eba00000)
 ParOldGen       total 72192K, used 29662K [0x00000000a0000000, 0x00000000a4680000, 0x00000000e0000000)
  object space 72192K, 41% used [0x00000000a0000000,0x00000000a1cf7958,0x00000000a4680000)
 Metaspace       used 57506K, capacity 59008K, committed 59160K, reserved 1099776K
  class space    used 7851K, capacity 8263K, committed 8368K, reserved 1048576K
Event: 17.465 GC heap after
Heap after GC invocations=16 (full 3):
 PSYoungGen      total 143360K, used 0K [0x00000000e0000000, 0x00000000eba00000, 0x0000000100000000)
  eden space 130048K, 0% used [0x00000000e0000000,0x00000000e0000000,0x00000000e7f00000)
  from space 13312K, 0% used [0x00000000e7f00000,0x00000000e7f00000,0x00000000e8c00000)
  to   space 13824K, 0% used [0x00000000eac80000,0x00000000eac80000,0x00000000eba00000)
 ParOldGen       total 112128K, used 31621K [0x00000000a0000000, 0x00000000a6d80000, 0x00000000e0000000)
  object space 112128K, 28% used [0x00000000a0000000,0x00000000a1ee17b0,0x00000000a6d80000)
 Metaspace       used 57506K, capacity 59008K, committed 59160K, reserved 1099776K
  class space    used 7851K, capacity 8263K, committed 8368K, reserved 1048576K
}

Deoptimization events (10 events):
Event: 14.150 Thread 0x00000000193c8000 Uncommon trap: reason=null_check action=make_not_entrant pc=0x000000000301b318 method=java.lang.ThreadLocal$ThreadLocalMap.getEntryAfterMiss(Ljava/lang/ThreadLocal;ILjava/lang/ThreadLocal$ThreadLocalMap$Entry;)Ljava/lang/ThreadLocal$ThreadLocalMap$Entry; 
Event: 14.569 Thread 0x00000000193c8000 Uncommon trap: reason=unstable_if action=reinterpret pc=0x0000000003073924 method=java.lang.String.lastIndexOf([CII[CIII)I @ 17
Event: 15.928 Thread 0x00000000193c8000 Uncommon trap: reason=unstable_if action=reinterpret pc=0x0000000003a26614 method=org.gradle.internal.reflect.PropertyAccessorType.of(Ljava/lang/reflect/Method;)Lorg/gradle/internal/reflect/PropertyAccessorType; @ 4
Event: 16.037 Thread 0x00000000193c8000 Uncommon trap: reason=unstable_if action=reinterpret pc=0x0000000003811ee8 method=java.util.regex.Pattern$GroupTail.match(Ljava/util/regex/Matcher;ILjava/lang/CharSequence;)Z @ 73
Event: 16.046 Thread 0x00000000193c8000 Uncommon trap: reason=unstable_if action=reinterpret pc=0x000000000382b9ac method=java.util.regex.Pattern.closure(Ljava/util/regex/Pattern$Node;)Ljava/util/regex/Pattern$Node; @ 113
Event: 17.520 Thread 0x000000001af59000 Uncommon trap: reason=unstable_if action=reinterpret pc=0x0000000003aa2834 method=java.io.ObjectStreamClass.getSerialVersionUID()J @ 4
Event: 17.552 Thread 0x000000001af59000 Uncommon trap: reason=unstable_if action=reinterpret pc=0x00000000038aa5d4 method=com.sun.org.apache.xerces.internal.impl.XMLEntityScanner.skipSpaces()Z @ 85
Event: 17.552 Thread 0x000000001af59000 Uncommon trap: reason=unstable_if action=reinterpret pc=0x000000000388c86c method=com.sun.org.apache.xerces.internal.impl.XMLEntityScanner.peekChar()I @ 51
Event: 17.562 Thread 0x000000001af59000 Uncommon trap: reason=unstable_if action=reinterpret pc=0x000000000360f768 method=java.util.TreeMap.put(Ljava/lang/Object;Ljava/lang/Object;)Ljava/lang/Object; @ 163
Event: 17.606 Thread 0x000000001af56000 Uncommon trap: reason=unstable_if action=reinterpret pc=0x0000000002d195a4 method=java.util.HashMap.hash(Ljava/lang/Object;)I @ 1

Classes redefined (0 events):
No events

Internal exceptions (10 events):
Event: 15.866 Thread 0x00000000193c8000 Exception <a 'java/lang/NoSuchMethodError': java.lang.Object.lambda$static$0(Ljava/util/Set;Ljava/util/Set;)Z> (0x00000000e153d7c0) thrown at [D:\src\AOSP-openjdk-cygwin\jdk8u\hotspot\src\share\vm\interpreter\linkResolver.cpp, line 584]
Event: 15.867 Thread 0x00000000193c8000 Exception <a 'java/lang/NoSuchMethodError': java.lang.Object.lambda$static$1(Ljava/util/Set;Ljava/util/Set;)Z> (0x00000000e1540548) thrown at [D:\src\AOSP-openjdk-cygwin\jdk8u\hotspot\src\share\vm\interpreter\linkResolver.cpp, line 584]
Event: 15.868 Thread 0x00000000193c8000 Exception <a 'java/lang/NoSuchMethodError': java.lang.Object.lambda$static$2(Ljava/util/Set;Ljava/util/Set;)Z> (0x00000000e1542ea0) thrown at [D:\src\AOSP-openjdk-cygwin\jdk8u\hotspot\src\share\vm\interpreter\linkResolver.cpp, line 584]
Event: 15.868 Thread 0x00000000193c8000 Exception <a 'java/lang/NoSuchMethodError': java.lang.Object.lambda$static$3(Ljava/util/Set;Ljava/util/Set;)Z> (0x00000000e15457f8) thrown at [D:\src\AOSP-openjdk-cygwin\jdk8u\hotspot\src\share\vm\interpreter\linkResolver.cpp, line 584]
Event: 17.521 Thread 0x000000001af59000 Exception <a 'java/lang/NoSuchMethodError': <clinit>> (0x00000000e02933d8) thrown at [D:\src\AOSP-openjdk-cygwin\jdk8u\hotspot\src\share\vm\prims\jni.cpp, line 1613]
Event: 17.522 Thread 0x000000001af59000 Exception <a 'java/lang/NoSuchMethodError': <clinit>> (0x00000000e029e658) thrown at [D:\src\AOSP-openjdk-cygwin\jdk8u\hotspot\src\share\vm\prims\jni.cpp, line 1613]
Event: 17.583 Thread 0x000000001af59000 Exception <a 'java/lang/NoSuchMethodError': <clinit>> (0x00000000e042b798) thrown at [D:\src\AOSP-openjdk-cygwin\jdk8u\hotspot\src\share\vm\prims\jni.cpp, line 1613]
Event: 17.585 Thread 0x000000001af59000 Exception <a 'java/lang/NoSuchMethodError': <clinit>> (0x00000000e043e5a0) thrown at [D:\src\AOSP-openjdk-cygwin\jdk8u\hotspot\src\share\vm\prims\jni.cpp, line 1613]
Event: 17.585 Thread 0x000000001af59000 Exception <a 'java/lang/NoSuchMethodError': <clinit>> (0x00000000e043fe50) thrown at [D:\src\AOSP-openjdk-cygwin\jdk8u\hotspot\src\share\vm\prims\jni.cpp, line 1613]
Event: 17.605 Thread 0x000000001af56000 Implicit null exception at 0x0000000002d1941d to 0x0000000002d19589

Events (10 events):
Event: 17.618 loading class org/gradle/api/internal/changedetection/state/mirror/MerkleDirectorySnapshotBuilder
Event: 17.618 loading class org/gradle/api/internal/changedetection/state/mirror/MerkleDirectorySnapshotBuilder done
Event: 17.619 loading class org/gradle/api/internal/changedetection/state/mirror/MirrorUpdatingDirectoryWalker$1
Event: 17.619 loading class org/gradle/api/internal/changedetection/state/mirror/MirrorUpdatingDirectoryWalker$1 done
Event: 17.626 loading class org/gradle/api/internal/changedetection/state/mirror/PhysicalSnapshot$1
Event: 17.626 loading class org/gradle/api/internal/changedetection/state/mirror/PhysicalSnapshot$1 done
Event: 17.627 loading class org/gradle/api/internal/changedetection/state/mirror/PhysicalDirectorySnapshot
Event: 17.627 loading class org/gradle/api/internal/changedetection/state/mirror/PhysicalDirectorySnapshot done
Event: 17.631 loading class com/google/common/cache/RemovalNotification
Event: 17.631 loading class com/google/common/cache/RemovalNotification done


Dynamic libraries:
0x00007ff73b760000 - 0x00007ff73b791000 	C:\Program Files\Android\Android Studio\jre\bin\java.exe
0x00007ffb81880000 - 0x00007ffb81a2d000 	C:\Windows\SYSTEM32\ntdll.dll
0x00007ffb80e40000 - 0x00007ffb80f7f000 	C:\Windows\system32\KERNEL32.DLL
0x00007ffb7eb90000 - 0x00007ffb7eca6000 	C:\Windows\system32\KERNELBASE.dll
0x00007ffb7f460000 - 0x00007ffb7f50a000 	C:\Windows\system32\ADVAPI32.dll
0x00007ffb815e0000 - 0x00007ffb81757000 	C:\Windows\system32\USER32.dll
0x00007ffb7c1c0000 - 0x00007ffb7c43b000 	C:\Windows\WinSxS\amd64_microsoft.windows.common-controls_6595b64144ccf1df_6.0.9600.19394_none_62486577ecb635cf\COMCTL32.dll
0x00007ffb81770000 - 0x00007ffb8181a000 	C:\Windows\system32\msvcrt.dll
0x00007ffb7f510000 - 0x00007ffb7f569000 	C:\Windows\SYSTEM32\sechost.dll
0x00007ffb7ef80000 - 0x00007ffb7f0c0000 	C:\Windows\system32\RPCRT4.dll
0x00007ffb80f90000 - 0x00007ffb810dc000 	C:\Windows\system32\GDI32.dll
0x00007ffb7ed00000 - 0x00007ffb7ed2e000 	C:\Windows\system32\SspiCli.dll
0x00007ffb80c40000 - 0x00007ffb80c76000 	C:\Windows\system32\IMM32.DLL
0x00007ffb810f0000 - 0x00007ffb81242000 	C:\Windows\system32\MSCTF.dll
0x000000006d610000 - 0x000000006d6e2000 	C:\Program Files\Android\Android Studio\jre\jre\bin\msvcr100.dll
0x000000006d6f0000 - 0x000000006df31000 	C:\Program Files\Android\Android Studio\jre\jre\bin\server\jvm.dll
0x00007ffb7a520000 - 0x00007ffb7a529000 	C:\Windows\SYSTEM32\WSOCK32.dll
0x00007ffb6c360000 - 0x00007ffb6c382000 	C:\Windows\SYSTEM32\WINMM.dll
0x00007ffb779e0000 - 0x00007ffb779ea000 	C:\Windows\SYSTEM32\VERSION.dll
0x00007ffb81760000 - 0x00007ffb81767000 	C:\Windows\system32\PSAPI.DLL
0x00007ffb7f400000 - 0x00007ffb7f45a000 	C:\Windows\system32\WS2_32.dll
0x00007ffb6c330000 - 0x00007ffb6c35a000 	C:\Windows\SYSTEM32\WINMMBASE.dll
0x00007ffb81310000 - 0x00007ffb81319000 	C:\Windows\system32\NSI.dll
0x00007ffb7ecb0000 - 0x00007ffb7ecff000 	C:\Windows\SYSTEM32\cfgmgr32.dll
0x00007ffb7d7d0000 - 0x00007ffb7d7f8000 	C:\Windows\SYSTEM32\DEVOBJ.dll
0x00007ffb68480000 - 0x00007ffb6848f000 	C:\Program Files\Android\Android Studio\jre\jre\bin\verify.dll
0x00007ffb67580000 - 0x00007ffb675a9000 	C:\Program Files\Android\Android Studio\jre\jre\bin\java.dll
0x00007ffb66500000 - 0x00007ffb66516000 	C:\Program Files\Android\Android Studio\jre\jre\bin\zip.dll
0x00007ffb7f710000 - 0x00007ffb80c3b000 	C:\Windows\system32\SHELL32.dll
0x00007ffb7f190000 - 0x00007ffb7f3a0000 	C:\Windows\SYSTEM32\combase.dll
0x00007ffb7f3a0000 - 0x00007ffb7f3f4000 	C:\Windows\system32\SHLWAPI.dll
0x00007ffb7cf40000 - 0x00007ffb7cff2000 	C:\Windows\SYSTEM32\SHCORE.dll
0x00007ffb7e9b0000 - 0x00007ffb7e9c5000 	C:\Windows\SYSTEM32\profapi.dll
0x00007ffb64760000 - 0x00007ffb6477a000 	C:\Program Files\Android\Android Studio\jre\jre\bin\net.dll
0x00007ffb7e240000 - 0x00007ffb7e299000 	C:\Windows\system32\mswsock.dll
0x00007ffb64740000 - 0x00007ffb64751000 	C:\Program Files\Android\Android Studio\jre\jre\bin\nio.dll
0x00007ffb7c770000 - 0x00007ffb7c78e000 	C:\Users\prabitha\.gradle\native\25\windows-amd64\native-platform.dll
0x00007ffb681a0000 - 0x00007ffb681ad000 	C:\Program Files\Android\Android Studio\jre\jre\bin\management.dll
0x00007ffb7e2a0000 - 0x00007ffb7e2c0000 	C:\Windows\SYSTEM32\CRYPTSP.dll
0x00007ffb7dec0000 - 0x00007ffb7def6000 	C:\Windows\system32\rsaenh.dll
0x00007ffb7e560000 - 0x00007ffb7e586000 	C:\Windows\SYSTEM32\bcrypt.dll
0x00007ffb7dfd0000 - 0x00007ffb7dff1000 	C:\Windows\SYSTEM32\USERENV.dll
0x00007ffb7e880000 - 0x00007ffb7e8e3000 	C:\Windows\system32\bcryptprimitives.dll
0x00007ffb7e8f0000 - 0x00007ffb7e8fb000 	C:\Windows\SYSTEM32\CRYPTBASE.dll
0x00007ffb7a0d0000 - 0x00007ffb7a0fa000 	C:\Windows\SYSTEM32\IPHLPAPI.DLL
0x00007ffb7a0b0000 - 0x00007ffb7a0ba000 	C:\Windows\SYSTEM32\WINNSI.DLL
0x00007ffb79d30000 - 0x00007ffb79d46000 	C:\Windows\SYSTEM32\dhcpcsvc6.DLL
0x00007ffb79cc0000 - 0x00007ffb79cda000 	C:\Windows\SYSTEM32\dhcpcsvc.DLL

VM Arguments:
jvm_args: -Xmx1536m -Dfile.encoding=windows-1252 -Duser.country=US -Duser.language=en -Duser.variant 
java_command: org.gradle.launcher.daemon.bootstrap.GradleDaemon 4.10.1
java_class_path (initial): C:\Users\prabitha\.gradle\wrapper\dists\gradle-4.10.1-all\455itskqi2qtf0v2sja68alqd\gradle-4.10.1\lib\gradle-launcher-4.10.1.jar
Launcher Type: SUN_STANDARD

Environment Variables:
PATH=C:\Program Files (x86)\Common Files\Oracle\Java\javapath;C:\Windows\system32;C:\Windows;C:\Windows\System32\Wbem;C:\Windows\System32\WindowsPowerShell\v1.0\;C:\Program Files\dotnet\;C:\Program Files\Microsoft SQL Server\130\Tools\Binn\;C:\Program Files\Microsoft SQL Server\Client SDK\ODBC\130\Tools\Binn\;C:\Program Files (x86)\Microsoft SQL Server\140\Tools\Binn\;C:\Program Files\Microsoft SQL Server\140\Tools\Binn\;C:\Program Files\Microsoft SQL Server\140\DTS\Binn\;C:\Program Files (x86)\Microsoft SQL Server\150\DTS\Binn\;C:\Program Files\MySQL\MySQL Shell 8.0\bin\
USERNAME=prabitha
OS=Windows_NT
PROCESSOR_IDENTIFIER=Intel64 Family 6 Model 42 Stepping 7, GenuineIntel



---------------  S Y S T E M  ---------------

OS: Windows 8.1 , 64 bit Build 9600 (6.3.9600.19538)

CPU:total 4 (initial active 4) (2 cores per cpu, 2 threads per core) family 6 model 42 stepping 7, cmov, cx8, fxsr, mmx, sse, sse2, sse3, ssse3, sse4.1, sse4.2, popcnt, avx, clmul, ht, tsc, tscinvbit

Memory: 4k page, physical 6165788k(984272k free), swap 9311516k(5392k free)

vm_info: OpenJDK 64-Bit Server VM (25.152-b01) for windows-amd64 JRE (1.8.0_152-release-1248-b01), built by "builder" with MS VC++ 10.0 (VS2010)

time: Tue Dec 10 08:27:43 2019
elapsed time: 17 seconds (0d 0h 0m 17s)

