#
# There is insufficient memory for the Java Runtime Environment to continue.
# Native memory allocation (malloc) failed to allocate 1106816 bytes for Chunk::new
# Possible reasons:
#   The system is out of physical RAM or swap space
#   The process is running with CompressedOops enabled, and the Java Heap may be blocking the growth of the native heap
# Possible solutions:
#   Reduce memory load on the system
#   Increase physical memory or swap space
#   Check if swap backing store is full
#   Decrease Java heap size (-Xmx/-Xms)
#   Decrease number of Java threads
#   Decrease Java thread stack sizes (-Xss)
#   Set larger code cache with -XX:ReservedCodeCacheSize=
#   JVM is running with Unscaled Compressed Oops mode in which the Java heap is
#     placed in the first 4GB address space. The Java Heap base address is the
#     maximum limit for the native heap growth. Please use -XX:HeapBaseMinAddress
#     to set the Java Heap base and to place the Java Heap above 4GB virtual address.
# This output file may be truncated or incomplete.
#
#  Out of Memory Error (allocation.cpp:390), pid=8920, tid=0x0000000000002820
#
# JRE version: Java(TM) SE Runtime Environment (8.0_201-b09) (build 1.8.0_201-b09)
# Java VM: Java HotSpot(TM) 64-Bit Server VM (25.201-b09 mixed mode windows-amd64 compressed oops)
# Failed to write core dump. Minidumps are not enabled by default on client versions of Windows
#

---------------  T H R E A D  ---------------

Current thread (0x00000000166aa000):  JavaThread "C2 CompilerThread1" daemon [_thread_in_native, id=10272, stack(0x0000000017df0000,0x0000000017ef0000)]

Stack: [0x0000000017df0000,0x0000000017ef0000]
[error occurred during error reporting (printing stack bounds), id 0xc0000005]

Native frames: (J=compiled Java code, j=interpreted, Vv=VM code, C=native code)


Current CompileTask:
C2: 132386 16116       4       com.android.tools.r8.ir.conversion.JarSourceCode::buildInstruction (259 bytes)


---------------  P R O C E S S  ---------------

Java Threads: ( => current thread )
  0x000000001d14a000 JavaThread "ForkJoinPool.commonPool-worker-3" daemon [_thread_blocked, id=10284, stack(0x0000000027690000,0x0000000027790000)]
  0x000000001d148800 JavaThread "ForkJoinPool.commonPool-worker-2" daemon [_thread_in_vm, id=10264, stack(0x0000000027590000,0x0000000027690000)]
  0x000000001f394800 JavaThread "ForkJoinPool.commonPool-worker-1" daemon [_thread_blocked, id=10268, stack(0x0000000023570000,0x0000000023670000)]
  0x000000001f396000 JavaThread "Cache worker for Java compile cache (F:\workspace\mobtally\.gradle\4.10.1\javaCompile)" [_thread_blocked, id=7364, stack(0x0000000024070000,0x0000000024170000)]
  0x000000001f391000 JavaThread "Cache worker for Java compile cache (C:\Users\prabitha\.gradle\caches\4.10.1\javaCompile)" [_thread_blocked, id=10844, stack(0x000000001bd60000,0x000000001be60000)]
  0x000000001f398800 JavaThread "stdout" daemon [_thread_in_native, id=7380, stack(0x0000000026e90000,0x0000000026f90000)]
  0x000000001f397000 JavaThread "stderr" daemon [_thread_in_native, id=8592, stack(0x0000000026d90000,0x0000000026e90000)]
  0x000000001f397800 JavaThread "stdout" daemon [_thread_in_native, id=10788, stack(0x0000000026c90000,0x0000000026d90000)]
  0x000000001f39a000 JavaThread "stderr" daemon [_thread_in_native, id=9648, stack(0x0000000026b90000,0x0000000026c90000)]
  0x000000001f399000 JavaThread "stdout" daemon [_thread_in_native, id=4868, stack(0x0000000026a90000,0x0000000026b90000)]
  0x000000001f394000 JavaThread "stderr" daemon [_thread_in_native, id=9188, stack(0x0000000026990000,0x0000000026a90000)]
  0x000000001f395800 JavaThread "pool-2-thread-1" [_thread_blocked, id=9916, stack(0x0000000025800000,0x0000000025900000)]
  0x000000001f391800 JavaThread "Cache worker for Build Output Cleanup Cache (F:\workspace\mobtally\.gradle\buildOutputCleanup)" [_thread_blocked, id=8212, stack(0x0000000023d70000,0x0000000023e70000)]
  0x000000001f38f800 JavaThread "Cache worker for task history cache (F:\workspace\mobtally\.gradle\4.10.1\taskHistory)" [_thread_blocked, id=6680, stack(0x0000000023c70000,0x0000000023d70000)]
  0x000000001f392800 JavaThread "Task worker for ':' Thread 3" [_thread_blocked, id=9932, stack(0x00000000239d0000,0x0000000023ad0000)]
  0x000000001f390000 JavaThread "Task worker for ':' Thread 2" [_thread_blocked, id=10784, stack(0x00000000236c0000,0x00000000237c0000)]
  0x000000001f38e800 JavaThread "Task worker for ':'" [_thread_blocked, id=9936, stack(0x0000000023330000,0x0000000023430000)]
  0x000000001f38b000 JavaThread "Cache worker for file content cache (F:\workspace\mobtally\.gradle\4.10.1\fileContent)" [_thread_blocked, id=6692, stack(0x00000000204d0000,0x00000000205d0000)]
  0x000000001f38e000 JavaThread "Cache worker for file content cache (C:\Users\prabitha\.gradle\caches\4.10.1\fileContent)" [_thread_blocked, id=10508, stack(0x000000001d530000,0x000000001d630000)]
  0x000000001f38d000 JavaThread "Memory manager" [_thread_blocked, id=7172, stack(0x0000000023470000,0x0000000023570000)]
  0x000000001f38c800 JavaThread "Build operations Thread 4" [_thread_blocked, id=8264, stack(0x0000000021010000,0x0000000021110000)]
  0x000000001f38b800 JavaThread "Build operations Thread 3" [_thread_blocked, id=8840, stack(0x0000000020f10000,0x0000000021010000)]
  0x000000001956e800 JavaThread "Build operations Thread 2" [_thread_blocked, id=6072, stack(0x0000000020e10000,0x0000000020f10000)]
  0x000000001956e000 JavaThread "Build operations" [_thread_blocked, id=9704, stack(0x0000000020d10000,0x0000000020e10000)]
  0x000000001956d000 JavaThread "Cache worker for Artifact transforms cache (C:\Users\prabitha\.gradle\caches\transforms-1)" [_thread_blocked, id=9384, stack(0x000000001eaa0000,0x000000001eba0000)]
  0x0000000019569800 JavaThread "Cache worker for cache directory md-rule (C:\Users\prabitha\.gradle\caches\4.10.1\md-rule)" [_thread_blocked, id=4592, stack(0x00000000203d0000,0x00000000204d0000)]
  0x000000001956b800 JavaThread "Cache worker for cache directory md-supplier (C:\Users\prabitha\.gradle\caches\4.10.1\md-supplier)" [_thread_blocked, id=10172, stack(0x000000001ee60000,0x000000001ef60000)]
  0x000000001956a000 JavaThread "Cache worker for journal cache (C:\Users\prabitha\.gradle\caches\journal-1)" [_thread_blocked, id=4204, stack(0x000000001d6d0000,0x000000001d7d0000)]
  0x0000000019568800 JavaThread "Cache worker for file hash cache (F:\workspace\mobtally\.gradle\4.10.1\fileHashes)" [_thread_blocked, id=5048, stack(0x000000001d230000,0x000000001d330000)]
  0x000000001956b000 JavaThread "File lock request listener" [_thread_in_native, id=7216, stack(0x000000001c160000,0x000000001c260000)]
  0x0000000019568000 JavaThread "Cache worker for file hash cache (C:\Users\prabitha\.gradle\caches\4.10.1\fileHashes)" [_thread_blocked, id=4844, stack(0x000000001c060000,0x000000001c160000)]
  0x00000000187f0800 JavaThread "Asynchronous log dispatcher for DefaultDaemonConnection: socket connection from /127.0.0.1:64104 to /127.0.0.1:64105" [_thread_blocked, id=10640, stack(0x000000001bc60000,0x000000001bd60000)]
  0x00000000181c3000 JavaThread "Daemon worker" [_thread_blocked, id=10624, stack(0x000000001bb60000,0x000000001bc60000)]
  0x0000000019305800 JavaThread "Cancel handler" [_thread_blocked, id=10636, stack(0x000000001ba60000,0x000000001bb60000)]
  0x00000000197c5000 JavaThread "Handler for socket connection from /127.0.0.1:64104 to /127.0.0.1:64105" [_thread_in_native, id=10616, stack(0x000000001b760000,0x000000001b860000)]
  0x0000000019c77800 JavaThread "Daemon" [_thread_blocked, id=10612, stack(0x000000001b660000,0x000000001b760000)]
  0x0000000019dab000 JavaThread "Daemon periodic checks" [_thread_blocked, id=10604, stack(0x000000001b560000,0x000000001b660000)]
  0x0000000019c78000 JavaThread "Incoming local TCP Connector on port 64104" [_thread_in_native, id=10600, stack(0x000000001b370000,0x000000001b470000)]
  0x00000000191e2800 JavaThread "Daemon health stats" [_thread_blocked, id=8144, stack(0x000000001ad90000,0x000000001ae90000)]
  0x0000000018021800 JavaThread "Service Thread" daemon [_thread_blocked, id=8368, stack(0x00000000183f0000,0x00000000184f0000)]
  0x00000000166b9800 JavaThread "C1 CompilerThread2" daemon [_thread_blocked, id=8952, stack(0x0000000017ef0000,0x0000000017ff0000)]
=>0x00000000166aa000 JavaThread "C2 CompilerThread1" daemon [_thread_in_native, id=10272, stack(0x0000000017df0000,0x0000000017ef0000)]
  0x00000000166a2800 JavaThread "C2 CompilerThread0" daemon [_thread_in_native, id=9280, stack(0x0000000017cf0000,0x0000000017df0000)]
  0x00000000166a1800 JavaThread "Attach Listener" daemon [_thread_blocked, id=8748, stack(0x0000000017bf0000,0x0000000017cf0000)]
  0x00000000166a6800 JavaThread "Signal Dispatcher" daemon [_thread_blocked, id=10080, stack(0x0000000017af0000,0x0000000017bf0000)]
  0x0000000002d2a800 JavaThread "Finalizer" daemon [_thread_blocked, id=8684, stack(0x0000000017910000,0x0000000017a10000)]
  0x000000001668a000 JavaThread "Reference Handler" daemon [_thread_in_Java, id=8284, stack(0x0000000017810000,0x0000000017910000)]
  0x0000000002aad800 JavaThread "main" [_thread_blocked, id=10296, stack(0x0000000002b30000,0x0000000002c30000)]

Other Threads:
  0x0000000016667800 VMThread [stack: 0x0000000017710000,0x0000000017810000] [id=3708]
  0x0000000018046000 WatcherThread [stack: 0x00000000184f0000,0x00000000185f0000] [id=7788]

VM state:not at safepoint (normal execution)

VM Mutex/Monitor currently owned by a thread: None

heap address: 0x00000000a0000000, size: 1536 MB, Compressed Oops mode: 32-bit
Narrow klass base: 0x0000000000000000, Narrow klass shift: 3
Compressed class space size: 1073741824 Address: 0x0000000100000000

Heap:
 PSYoungGen      total 328704K, used 32417K [0x00000000e0000000, 0x00000000fbf00000, 0x0000000100000000)
  eden space 295424K, 0% used [0x00000000e0000000,0x00000000e01c0da0,0x00000000f2080000)
  from space 33280K, 92% used [0x00000000f9e80000,0x00000000fbc67990,0x00000000fbf00000)
  to   space 29184K, 0% used [0x00000000f2080000,0x00000000f2080000,0x00000000f3d00000)
 ParOldGen       total 112128K, used 72148K [0x00000000a0000000, 0x00000000a6d80000, 0x00000000e0000000)
  object space 112128K, 64% used [0x00000000a0000000,0x00000000a4675080,0x00000000a6d80000)
 Metaspace       used 84075K, capacity 87358K, committed 87512K, reserved 1124352K
  class space    used 11118K, capacity 11750K, committed 11776K, reserved 1048576K

Card table byte_map: [0x00000000120f0000,0x0000000012400000] byte_map_base: 0x0000000011bf0000

Marking Bits: (ParMarkBitMap*) 0x0000000056844ce0
 Begin Bits: [0x0000000012a00000, 0x0000000014200000)
 End Bits:   [0x0000000014200000, 0x0000000015a00000)

Polling page: 0x0000000001440000

CodeCache: size=245760Kb used=45041Kb max_used=45041Kb free=200718Kb
 bounds [0x0000000002d30000, 0x0000000005960000, 0x0000000011d30000]
 total_blobs=14411 nmethods=13556 adapters=765
 compilation: enabled

Compilation events (10 events):
Event: 132.059 Thread 0x00000000166b9800 16449       1       com.android.tools.r8.code.IfNez::getOpcode (3 bytes)
Event: 132.059 Thread 0x00000000166b9800 nmethod 16449 0x000000000595ad90 code [0x000000000595aee0, 0x000000000595aff0]
Event: 132.059 Thread 0x00000000166b9800 16455       1       com.android.tools.r8.graph.FieldAccessFlags::getAsDexAccessFlags (5 bytes)
Event: 132.059 Thread 0x00000000166b9800 nmethod 16455 0x000000000595b050 code [0x000000000595b1a0, 0x000000000595b2b0]
Event: 132.074 Thread 0x00000000166b9800 16456       2       com.android.tools.r8.com.google.common.collect.RegularImmutableMultiset::<init> (290 bytes)
Event: 132.076 Thread 0x00000000166b9800 nmethod 16456 0x000000000595b310 code [0x000000000595b560, 0x000000000595c088]
Event: 132.076 Thread 0x00000000166b9800 16457       2       com.android.tools.r8.com.google.common.collect.ImmutableMultiset::<init> (5 bytes)
Event: 132.077 Thread 0x00000000166b9800 nmethod 16457 0x000000000595c950 code [0x000000000595caa0, 0x000000000595cbf0]
Event: 132.077 Thread 0x00000000166b9800 16458       2       com.android.tools.r8.com.google.common.collect.AbstractMultiset$EntrySet::size (8 bytes)
Event: 132.077 Thread 0x00000000166b9800 nmethod 16458 0x000000000595cc90 code [0x000000000595ce00, 0x000000000595cf88]

GC Heap History (10 events):
Event: 100.630 GC heap after
Heap after GC invocations=22 (full 3):
 PSYoungGen      total 216064K, used 13811K [0x00000000e0000000, 0x00000000f0b00000, 0x0000000100000000)
  eden space 202240K, 0% used [0x00000000e0000000,0x00000000e0000000,0x00000000ec580000)
  from space 13824K, 99% used [0x00000000ec580000,0x00000000ed2fcc20,0x00000000ed300000)
  to   space 25600K, 0% used [0x00000000ef200000,0x00000000ef200000,0x00000000f0b00000)
 ParOldGen       total 112128K, used 59522K [0x00000000a0000000, 0x00000000a6d80000, 0x00000000e0000000)
  object space 112128K, 53% used [0x00000000a0000000,0x00000000a3a209b8,0x00000000a6d80000)
 Metaspace       used 69717K, capacity 71326K, committed 71512K, reserved 1112064K
  class space    used 9366K, capacity 9740K, committed 9856K, reserved 1048576K
}
Event: 105.600 GC heap before
{Heap before GC invocations=23 (full 3):
 PSYoungGen      total 216064K, used 215626K [0x00000000e0000000, 0x00000000f0b00000, 0x0000000100000000)
  eden space 202240K, 99% used [0x00000000e0000000,0x00000000ec515fc8,0x00000000ec580000)
  from space 13824K, 99% used [0x00000000ec580000,0x00000000ed2fcc20,0x00000000ed300000)
  to   space 25600K, 0% used [0x00000000ef200000,0x00000000ef200000,0x00000000f0b00000)
 ParOldGen       total 112128K, used 59522K [0x00000000a0000000, 0x00000000a6d80000, 0x00000000e0000000)
  object space 112128K, 53% used [0x00000000a0000000,0x00000000a3a209b8,0x00000000a6d80000)
 Metaspace       used 72350K, capacity 74152K, committed 74328K, reserved 1114112K
  class space    used 9635K, capacity 10075K, committed 10112K, reserved 1048576K
Event: 105.634 GC heap after
Heap after GC invocations=23 (full 3):
 PSYoungGen      total 246272K, used 18917K [0x00000000e0000000, 0x00000000f0e80000, 0x0000000100000000)
  eden space 220672K, 0% used [0x00000000e0000000,0x00000000e0000000,0x00000000ed780000)
  from space 25600K, 73% used [0x00000000ef200000,0x00000000f0479638,0x00000000f0b00000)
  to   space 27136K, 0% used [0x00000000ed780000,0x00000000ed780000,0x00000000ef200000)
 ParOldGen       total 112128K, used 59530K [0x00000000a0000000, 0x00000000a6d80000, 0x00000000e0000000)
  object space 112128K, 53% used [0x00000000a0000000,0x00000000a3a229b8,0x00000000a6d80000)
 Metaspace       used 72350K, capacity 74152K, committed 74328K, reserved 1114112K
  class space    used 9635K, capacity 10075K, committed 10112K, reserved 1048576K
}
Event: 105.669 GC heap before
{Heap before GC invocations=24 (full 3):
 PSYoungGen      total 246272K, used 238948K [0x00000000e0000000, 0x00000000f0e80000, 0x0000000100000000)
  eden space 220672K, 99% used [0x00000000e0000000,0x00000000ed6dfb08,0x00000000ed780000)
  from space 25600K, 73% used [0x00000000ef200000,0x00000000f0479638,0x00000000f0b00000)
  to   space 27136K, 0% used [0x00000000ed780000,0x00000000ed780000,0x00000000ef200000)
 ParOldGen       total 112128K, used 59530K [0x00000000a0000000, 0x00000000a6d80000, 0x00000000e0000000)
  object space 112128K, 53% used [0x00000000a0000000,0x00000000a3a229b8,0x00000000a6d80000)
 Metaspace       used 72360K, capacity 74152K, committed 74328K, reserved 1114112K
  class space    used 9635K, capacity 10075K, committed 10112K, reserved 1048576K
Event: 105.698 GC heap after
Heap after GC invocations=24 (full 3):
 PSYoungGen      total 247808K, used 17250K [0x00000000e0000000, 0x00000000f5980000, 0x0000000100000000)
  eden space 220672K, 0% used [0x00000000e0000000,0x00000000e0000000,0x00000000ed780000)
  from space 27136K, 63% used [0x00000000ed780000,0x00000000ee8589d0,0x00000000ef200000)
  to   space 27648K, 0% used [0x00000000f3e80000,0x00000000f3e80000,0x00000000f5980000)
 ParOldGen       total 112128K, used 59538K [0x00000000a0000000, 0x00000000a6d80000, 0x00000000e0000000)
  object space 112128K, 53% used [0x00000000a0000000,0x00000000a3a249b8,0x00000000a6d80000)
 Metaspace       used 72360K, capacity 74152K, committed 74328K, reserved 1114112K
  class space    used 9635K, capacity 10075K, committed 10112K, reserved 1048576K
}
Event: 111.940 GC heap before
{Heap before GC invocations=25 (full 3):
 PSYoungGen      total 247808K, used 237922K [0x00000000e0000000, 0x00000000f5980000, 0x0000000100000000)
  eden space 220672K, 100% used [0x00000000e0000000,0x00000000ed780000,0x00000000ed780000)
  from space 27136K, 63% used [0x00000000ed780000,0x00000000ee8589d0,0x00000000ef200000)
  to   space 27648K, 0% used [0x00000000f3e80000,0x00000000f3e80000,0x00000000f5980000)
 ParOldGen       total 112128K, used 59538K [0x00000000a0000000, 0x00000000a6d80000, 0x00000000e0000000)
  object space 112128K, 53% used [0x00000000a0000000,0x00000000a3a249b8,0x00000000a6d80000)
 Metaspace       used 73203K, capacity 75150K, committed 75224K, reserved 1114112K
  class space    used 9751K, capacity 10186K, committed 10240K, reserved 1048576K
Event: 112.012 GC heap after
Heap after GC invocations=25 (full 3):
 PSYoungGen      total 323072K, used 20316K [0x00000000e0000000, 0x00000000f5980000, 0x0000000100000000)
  eden space 295424K, 0% used [0x00000000e0000000,0x00000000e0000000,0x00000000f2080000)
  from space 27648K, 73% used [0x00000000f3e80000,0x00000000f52573b0,0x00000000f5980000)
  to   space 29184K, 0% used [0x00000000f2080000,0x00000000f2080000,0x00000000f3d00000)
 ParOldGen       total 112128K, used 61149K [0x00000000a0000000, 0x00000000a6d80000, 0x00000000e0000000)
  object space 112128K, 54% used [0x00000000a0000000,0x00000000a3bb77d8,0x00000000a6d80000)
 Metaspace       used 73203K, capacity 75150K, committed 75224K, reserved 1114112K
  class space    used 9751K, capacity 10186K, committed 10240K, reserved 1048576K
}
Event: 118.395 GC heap before
{Heap before GC invocations=26 (full 3):
 PSYoungGen      total 323072K, used 315740K [0x00000000e0000000, 0x00000000f5980000, 0x0000000100000000)
  eden space 295424K, 100% used [0x00000000e0000000,0x00000000f2080000,0x00000000f2080000)
  from space 27648K, 73% used [0x00000000f3e80000,0x00000000f52573b0,0x00000000f5980000)
  to   space 29184K, 0% used [0x00000000f2080000,0x00000000f2080000,0x00000000f3d00000)
 ParOldGen       total 112128K, used 61149K [0x00000000a0000000, 0x00000000a6d80000, 0x00000000e0000000)
  object space 112128K, 54% used [0x00000000a0000000,0x00000000a3bb77d8,0x00000000a6d80000)
 Metaspace       used 74259K, capacity 76460K, committed 76760K, reserved 1116160K
  class space    used 9886K, capacity 10389K, committed 10496K, reserved 1048576K
Event: 118.472 GC heap after
Heap after GC invocations=26 (full 3):
 PSYoungGen      total 324608K, used 28208K [0x00000000e0000000, 0x00000000fbf00000, 0x0000000100000000)
  eden space 295424K, 0% used [0x00000000e0000000,0x00000000e0000000,0x00000000f2080000)
  from space 29184K, 96% used [0x00000000f2080000,0x00000000f3c0c2b8,0x00000000f3d00000)
  to   space 33280K, 0% used [0x00000000f9e80000,0x00000000f9e80000,0x00000000fbf00000)
 ParOldGen       total 112128K, used 64863K [0x00000000a0000000, 0x00000000a6d80000, 0x00000000e0000000)
  object space 112128K, 57% used [0x00000000a0000000,0x00000000a3f57c00,0x00000000a6d80000)
 Metaspace       used 74259K, capacity 76460K, committed 76760K, reserved 1116160K
  class space    used 9886K, capacity 10389K, committed 10496K, reserved 1048576K
}
Event: 132.078 GC heap before
{Heap before GC invocations=27 (full 3):
 PSYoungGen      total 324608K, used 323632K [0x00000000e0000000, 0x00000000fbf00000, 0x0000000100000000)
  eden space 295424K, 100% used [0x00000000e0000000,0x00000000f2080000,0x00000000f2080000)
  from space 29184K, 96% used [0x00000000f2080000,0x00000000f3c0c2b8,0x00000000f3d00000)
  to   space 33280K, 0% used [0x00000000f9e80000,0x00000000f9e80000,0x00000000fbf00000)
 ParOldGen       total 112128K, used 64863K [0x00000000a0000000, 0x00000000a6d80000, 0x00000000e0000000)
  object space 112128K, 57% used [0x00000000a0000000,0x00000000a3f57c00,0x00000000a6d80000)
 Metaspace       used 84075K, capacity 87358K, committed 87512K, reserved 1124352K
  class space    used 11118K, capacity 11750K, committed 11776K, reserved 1048576K

Deoptimization events (10 events):
Event: 129.775 Thread 0x000000001d14a000 Uncommon trap: reason=unstable_if action=reinterpret pc=0x00000000054d9498 method=com.android.tools.r8.ir.regalloc.LinearScanRegisterAllocator.isLocalLiveAtInstruction(Lcom/android/tools/r8/ir/code/Instruction;IILcom/android/tools/r8/ir/code/Value;)Z @ 43
Event: 130.455 Thread 0x000000001d14a000 Uncommon trap: reason=array_check action=maybe_recompile pc=0x000000000564cd74 method=java.util.TimSort.binarySort([Ljava/lang/Object;IIILjava/util/Comparator;)V @ 193
Event: 130.456 Thread 0x000000001f394800 Uncommon trap: reason=array_check action=maybe_recompile pc=0x000000000564cd74 method=java.util.TimSort.binarySort([Ljava/lang/Object;IIILjava/util/Comparator;)V @ 193
Event: 130.457 Thread 0x000000001f394800 Uncommon trap: reason=predicate action=maybe_recompile pc=0x000000000564d7d4 method=java.util.TimSort.reverseRange([Ljava/lang/Object;II)V @ 8
Event: 130.457 Thread 0x000000001f394800 Uncommon trap: reason=array_check action=maybe_recompile pc=0x0000000005654a90 method=java.util.TimSort.binarySort([Ljava/lang/Object;IIILjava/util/Comparator;)V @ 193
Event: 130.457 Thread 0x000000001f394800 Uncommon trap: reason=array_check action=maybe_recompile pc=0x0000000005654a90 method=java.util.TimSort.binarySort([Ljava/lang/Object;IIILjava/util/Comparator;)V @ 193
Event: 130.460 Thread 0x000000001f394800 Uncommon trap: reason=array_check action=maybe_recompile pc=0x0000000003830e34 method=java.util.TimSort.binarySort([Ljava/lang/Object;IIILjava/util/Comparator;)V @ 215
Event: 130.618 Thread 0x000000001d14a000 Uncommon trap: reason=unstable_if action=reinterpret pc=0x00000000057f9e7c method=com.android.tools.r8.graph.DexString.slowCompareTo(Lcom/android/tools/r8/graph/DexString;)I @ 136
Event: 131.797 Thread 0x000000001f394800 Uncommon trap: reason=unstable_if action=reinterpret pc=0x000000000559351c method=com.android.tools.r8.ir.conversion.JarState.mergeLocals([Lcom/android/tools/r8/ir/conversion/JarState$Local;[Lcom/android/tools/r8/ir/conversion/JarState$Local;)[Lcom/androi
Event: 131.899 Thread 0x000000001d148800 Uncommon trap: reason=unstable_if action=reinterpret pc=0x000000000553c330 method=java.util.Collections$SetFromMap.add(Ljava/lang/Object;)Z @ 13

Classes redefined (0 events):
No events

Internal exceptions (10 events):
Event: 121.588 Thread 0x00000000181c3000 Exception <a 'sun/nio/fs/WindowsException'> (0x00000000e8bcb790) thrown at [C:\re\workspace\8-2-build-windows-amd64-cygwin\jdk8u201\12322\hotspot\src\share\vm\prims\jni.cpp, line 709]
Event: 121.592 Thread 0x00000000181c3000 Exception <a 'sun/nio/fs/WindowsException'> (0x00000000e8bccd60) thrown at [C:\re\workspace\8-2-build-windows-amd64-cygwin\jdk8u201\12322\hotspot\src\share\vm\prims\jni.cpp, line 709]
Event: 121.593 Thread 0x00000000181c3000 Exception <a 'sun/nio/fs/WindowsException'> (0x00000000e8bce330) thrown at [C:\re\workspace\8-2-build-windows-amd64-cygwin\jdk8u201\12322\hotspot\src\share\vm\prims\jni.cpp, line 709]
Event: 121.594 Thread 0x00000000181c3000 Exception <a 'sun/nio/fs/WindowsException'> (0x00000000e8bcf900) thrown at [C:\re\workspace\8-2-build-windows-amd64-cygwin\jdk8u201\12322\hotspot\src\share\vm\prims\jni.cpp, line 709]
Event: 121.597 Thread 0x00000000181c3000 Exception <a 'sun/nio/fs/WindowsException'> (0x00000000e8bd0ed0) thrown at [C:\re\workspace\8-2-build-windows-amd64-cygwin\jdk8u201\12322\hotspot\src\share\vm\prims\jni.cpp, line 709]
Event: 121.597 Thread 0x00000000181c3000 Exception <a 'sun/nio/fs/WindowsException'> (0x00000000e8bd24a0) thrown at [C:\re\workspace\8-2-build-windows-amd64-cygwin\jdk8u201\12322\hotspot\src\share\vm\prims\jni.cpp, line 709]
Event: 121.597 Thread 0x00000000181c3000 Exception <a 'sun/nio/fs/WindowsException'> (0x00000000e8bd3a70) thrown at [C:\re\workspace\8-2-build-windows-amd64-cygwin\jdk8u201\12322\hotspot\src\share\vm\prims\jni.cpp, line 709]
Event: 121.598 Thread 0x00000000181c3000 Exception <a 'sun/nio/fs/WindowsException'> (0x00000000e8bd5040) thrown at [C:\re\workspace\8-2-build-windows-amd64-cygwin\jdk8u201\12322\hotspot\src\share\vm\prims\jni.cpp, line 709]
Event: 121.598 Thread 0x00000000181c3000 Exception <a 'sun/nio/fs/WindowsException'> (0x00000000e8bd6320) thrown at [C:\re\workspace\8-2-build-windows-amd64-cygwin\jdk8u201\12322\hotspot\src\share\vm\prims\jni.cpp, line 709]
Event: 131.797 Thread 0x000000001f394800 Implicit null exception at 0x000000000559257d to 0x00000000055934f9

Events (10 events):
Event: 131.899 Thread 0x000000001d148800 DEOPT UNPACKING pc=0x0000000002d7583b sp=0x000000002768ebd8 mode 2
Event: 131.904 Thread 0x000000001d148800 DEOPT PACKING pc=0x00000000057f1197 sp=0x000000002768ebb0
Event: 131.904 Thread 0x000000001d148800 DEOPT UNPACKING pc=0x0000000002d77890 sp=0x000000002768e8d8 mode 0
Event: 132.029 Thread 0x000000001f394800 DEOPT PACKING pc=0x00000000040f4dc6 sp=0x000000002366e5e0
Event: 132.029 Thread 0x000000001f394800 DEOPT UNPACKING pc=0x0000000002d77890 sp=0x000000002366e358 mode 0
Event: 132.041 Thread 0x000000001f394800 DEOPT PACKING pc=0x00000000057f1212 sp=0x000000002366e580
Event: 132.041 Thread 0x000000001f394800 DEOPT UNPACKING pc=0x0000000002d77890 sp=0x000000002366e2a8 mode 0
Event: 132.047 Thread 0x000000001f394800 DEOPT PACKING pc=0x00000000040f4dc6 sp=0x000000002366dff0
Event: 132.047 Thread 0x000000001f394800 DEOPT UNPACKING pc=0x0000000002d77890 sp=0x000000002366dd68 mode 0
Event: 132.077 Executing VM operation: ParallelGCFailedAllocation


Dynamic libraries:
0x00007ff614890000 - 0x00007ff6148c7000 	C:\Program Files\Java\jdk1.8.0_201\bin\java.exe
0x00007ffdf3340000 - 0x00007ffdf34ed000 	C:\Windows\SYSTEM32\ntdll.dll
0x00007ffdf0d00000 - 0x00007ffdf0e3f000 	C:\Windows\system32\KERNEL32.DLL
0x00007ffdf0830000 - 0x00007ffdf0946000 	C:\Windows\system32\KERNELBASE.dll
0x00007ffdeee70000 - 0x00007ffdeeefe000 	C:\Windows\system32\apphelp.dll
0x00007ffdc7ad0000 - 0x00007ffdc7b25000 	C:\Windows\AppPatch\AppPatch64\AcGenral.DLL
0x00007ffdf2f80000 - 0x00007ffdf302a000 	C:\Windows\system32\msvcrt.dll
0x00007ffdf0950000 - 0x00007ffdf097e000 	C:\Windows\system32\SspiCli.dll
0x00007ffdf32c0000 - 0x00007ffdf3314000 	C:\Windows\system32\SHLWAPI.dll
0x00007ffdf2e00000 - 0x00007ffdf2f77000 	C:\Windows\system32\USER32.dll
0x00007ffdf09d0000 - 0x00007ffdf0b64000 	C:\Windows\system32\ole32.dll
0x00007ffdf1520000 - 0x00007ffdf2a4b000 	C:\Windows\system32\SHELL32.dll
0x00007ffdefa30000 - 0x00007ffdefa51000 	C:\Windows\SYSTEM32\USERENV.dll
0x00007ffdf1470000 - 0x00007ffdf151a000 	C:\Windows\system32\ADVAPI32.dll
0x00007ffde9a20000 - 0x00007ffde9a3e000 	C:\Windows\SYSTEM32\MPR.dll
0x00007ffdf2c70000 - 0x00007ffdf2db0000 	C:\Windows\system32\RPCRT4.dll
0x00007ffdf2ab0000 - 0x00007ffdf2b09000 	C:\Windows\SYSTEM32\sechost.dll
0x00007ffdf0eb0000 - 0x00007ffdf10c0000 	C:\Windows\SYSTEM32\combase.dll
0x00007ffdf2b10000 - 0x00007ffdf2c5c000 	C:\Windows\system32\GDI32.dll
0x00007ffdf0470000 - 0x00007ffdf0485000 	C:\Windows\SYSTEM32\profapi.dll
0x00007ffdee600000 - 0x00007ffdee6b2000 	C:\Windows\SYSTEM32\SHCORE.dll
0x00007ffdf2db0000 - 0x00007ffdf2de6000 	C:\Windows\system32\IMM32.DLL
0x00007ffdf1310000 - 0x00007ffdf1462000 	C:\Windows\system32\MSCTF.dll
0x00007ffdeddb0000 - 0x00007ffdee02b000 	C:\Windows\WinSxS\amd64_microsoft.windows.common-controls_6595b64144ccf1df_6.0.9600.19394_none_62486577ecb635cf\COMCTL32.dll
0x00000000568d0000 - 0x00000000569a1000 	C:\Program Files\Java\jdk1.8.0_201\jre\bin\msvcr100.dll
0x0000000056020000 - 0x00000000568c4000 	C:\Program Files\Java\jdk1.8.0_201\jre\bin\server\jvm.dll
0x00007ffddc530000 - 0x00007ffddc539000 	C:\Windows\SYSTEM32\WSOCK32.dll
0x00007ffde20c0000 - 0x00007ffde20e2000 	C:\Windows\SYSTEM32\WINMM.dll
0x00007ffde18a0000 - 0x00007ffde18aa000 	C:\Windows\SYSTEM32\VERSION.dll
0x00007ffdf31f0000 - 0x00007ffdf31f7000 	C:\Windows\system32\PSAPI.DLL
0x00007ffdf2a50000 - 0x00007ffdf2aaa000 	C:\Windows\system32\WS2_32.dll
0x00007ffde2090000 - 0x00007ffde20ba000 	C:\Windows\SYSTEM32\WINMMBASE.dll
0x00007ffdf2df0000 - 0x00007ffdf2df9000 	C:\Windows\system32\NSI.dll
0x00007ffdf0980000 - 0x00007ffdf09cf000 	C:\Windows\SYSTEM32\cfgmgr32.dll
0x00007ffdef280000 - 0x00007ffdef2a8000 	C:\Windows\SYSTEM32\DEVOBJ.dll
0x00007ffddd3b0000 - 0x00007ffddd3bf000 	C:\Program Files\Java\jdk1.8.0_201\jre\bin\verify.dll
0x00007ffdd5d10000 - 0x00007ffdd5d39000 	C:\Program Files\Java\jdk1.8.0_201\jre\bin\java.dll
0x00007ffddcbb0000 - 0x00007ffddcbc6000 	C:\Program Files\Java\jdk1.8.0_201\jre\bin\zip.dll
0x00007ffddba70000 - 0x00007ffddba8a000 	C:\Program Files\Java\jdk1.8.0_201\jre\bin\net.dll
0x00007ffde9f40000 - 0x00007ffdea0ca000 	C:\Windows\SYSTEM32\urlmon.dll
0x00007ffde8d60000 - 0x00007ffde902c000 	C:\Windows\SYSTEM32\iertutil.dll
0x00007ffde9080000 - 0x00007ffde952c000 	C:\Windows\SYSTEM32\WININET.dll
0x00007ffdefca0000 - 0x00007ffdefcf9000 	C:\Windows\system32\mswsock.dll
0x00007ffdd5f10000 - 0x00007ffdd5f21000 	C:\Program Files\Java\jdk1.8.0_201\jre\bin\nio.dll
0x00007ffddcb10000 - 0x00007ffddcb2e000 	C:\Users\prabitha\.gradle\native\25\windows-amd64\native-platform.dll
0x00007ffddcec0000 - 0x00007ffddcecd000 	C:\Program Files\Java\jdk1.8.0_201\jre\bin\management.dll
0x00007ffdefd00000 - 0x00007ffdefd20000 	C:\Windows\SYSTEM32\CRYPTSP.dll
0x00007ffdef920000 - 0x00007ffdef956000 	C:\Windows\system32\rsaenh.dll
0x00007ffdeff50000 - 0x00007ffdeff76000 	C:\Windows\SYSTEM32\bcrypt.dll
0x00007ffdf02d0000 - 0x00007ffdf0333000 	C:\Windows\system32\bcryptprimitives.dll
0x00007ffdf0340000 - 0x00007ffdf034b000 	C:\Windows\SYSTEM32\CRYPTBASE.dll
0x00007ffdeb770000 - 0x00007ffdeb79a000 	C:\Windows\SYSTEM32\IPHLPAPI.DLL
0x00007ffdeb750000 - 0x00007ffdeb75a000 	C:\Windows\SYSTEM32\WINNSI.DLL
0x00007ffdeafe0000 - 0x00007ffdeaff6000 	C:\Windows\SYSTEM32\dhcpcsvc6.DLL
0x00007ffdeafc0000 - 0x00007ffdeafda000 	C:\Windows\SYSTEM32\dhcpcsvc.DLL

VM Arguments:
jvm_args: -Xmx1536m -Dfile.encoding=windows-1252 -Duser.country=US -Duser.language=en -Duser.variant 
java_command: org.gradle.launcher.daemon.bootstrap.GradleDaemon 4.10.1
java_class_path (initial): C:\Users\prabitha\.gradle\wrapper\dists\gradle-4.10.1-all\455itskqi2qtf0v2sja68alqd\gradle-4.10.1\lib\gradle-launcher-4.10.1.jar
Launcher Type: SUN_STANDARD

Environment Variables:
PATH=C:\Program Files (x86)\Common Files\Oracle\Java\javapath;C:\Windows\system32;C:\Windows;C:\Windows\System32\Wbem;C:\Windows\System32\WindowsPowerShell\v1.0\;C:\Program Files\dotnet\;C:\Program Files\Microsoft SQL Server\130\Tools\Binn\;C:\Program Files\Microsoft SQL Server\Client SDK\ODBC\130\Tools\Binn\;C:\Program Files (x86)\Microsoft SQL Server\140\Tools\Binn\;C:\Program Files\Microsoft SQL Server\140\Tools\Binn\;C:\Program Files\Microsoft SQL Server\140\DTS\Binn\;C:\Program Files (x86)\Microsoft SQL Server\150\DTS\Binn\;C:\Program Files\MySQL\MySQL Shell 8.0\bin\
USERNAME=prabitha
OS=Windows_NT
PROCESSOR_IDENTIFIER=Intel64 Family 6 Model 42 Stepping 7, GenuineIntel



---------------  S Y S T E M  ---------------

OS: Windows 8.1 , 64 bit Build 9600 (6.3.9600.19538)

CPU:total 4 (initial active 4) (2 cores per cpu, 2 threads per core) family 6 model 42 stepping 7, cmov, cx8, fxsr, mmx, sse, sse2, sse3, ssse3, sse4.1, sse4.2, popcnt, avx, clmul, ht, tsc, tscinvbit

Memory: 4k page, physical 6165788k(628860k free), swap 9311516k(5712k free)

vm_info: Java HotSpot(TM) 64-Bit Server VM (25.201-b09) for windows-amd64 JRE (1.8.0_201-b09), built on Dec 15 2018 18:36:39 by "java_re" with MS VC++ 10.0 (VS2010)

time: Thu Dec 19 08:16:23 2019
timezone: India Standard Time
elapsed time: 132 seconds (0d 0h 2m 12s)

